CUDA: False
Namespace(algo='ppo', lr=0.0003, eps=1e-05, alpha=0.99, gamma=0.99, use_gae=True, gae_lambda=0.95, entropy_coef=0.005, value_loss_coef=0.5, max_grad_norm=0.5, seed=8215, cuda_deterministic=False, num_processes=2, num_steps=2048, ppo_epoch=10, num_mini_batch=2, clip_param=0.2, log_interval=1, save_interval=100, no_cuda=False, use_proper_time_limits=False, recurrent_policy=True, use_linear_lr_decay=True, env_name='plume', log_dir='/tmp/gym/', save_dir='./trained_models/ExptWalking20250730/', dynamic=False, eval_type='fixed', eval_episodes=20, eval_interval=None, weight_decay=0.00012, rnn_type='VRNN', hidden_size=64, betadist=False, stacking=0, masking=None, stride=1, dataset=['constantx5b5', 'constantx5b5'], num_env_steps=[1000000, 500000], qvar=[0.4, 0.5], birthx=[3.0, 3.5], diff_max=[0.8, 0.8], diff_min=[0.7, 0.4], birthx_max=1.0, dryrun=False, curriculum=False, turnx=1.0, movex=1.0, auto_movex=False, auto_reward=False, loc_algo='uniform', time_algo='uniform', env_dt=0.04, outsuffix='walk-v3_20250730_VRNN_constantx5b5constantx5b5_stepoobmetabolicturnfound_bx33.5_t1000000500000_q0.40.5_dmx0.80.8_dmn0.70.4_h64_wd0.00012_n2_walking_seed8215a5', walking=True, radiusx=1.0, diffusion_min=1.0, diffusion_max=1.0, r_shaping=['step', 'oob', 'metabolic', 'turn', 'found'], wind_rel=True, action_feedback=False, squash_action=True, flipping=True, odor_scaling=True, stray_max=2.0, test_episodes=50, viz_episodes=10, model_fname='', obs_noise=0.0, act_noise=0.0, cuda=False)
PPO Args ---> Namespace(algo='ppo', lr=0.0003, eps=1e-05, alpha=0.99, gamma=0.99, use_gae=True, gae_lambda=0.95, entropy_coef=0.005, value_loss_coef=0.5, max_grad_norm=0.5, seed=8215, cuda_deterministic=False, num_processes=2, num_steps=2048, ppo_epoch=10, num_mini_batch=2, clip_param=0.2, log_interval=1, save_interval=100, no_cuda=False, use_proper_time_limits=False, recurrent_policy=True, use_linear_lr_decay=True, env_name='plume', log_dir='/tmp/gym/', save_dir='./trained_models/ExptWalking20250730/', dynamic=False, eval_type='fixed', eval_episodes=20, eval_interval=None, weight_decay=0.00012, rnn_type='VRNN', hidden_size=64, betadist=False, stacking=0, masking=None, stride=1, dataset=['constantx5b5', 'constantx5b5'], num_env_steps=[1000000, 500000], qvar=[0.4, 0.5], birthx=[3.0, 3.5], diff_max=[0.8, 0.8], diff_min=[0.7, 0.4], birthx_max=1.0, dryrun=False, curriculum=False, turnx=1.0, movex=1.0, auto_movex=False, auto_reward=False, loc_algo='uniform', time_algo='uniform', env_dt=0.04, outsuffix='walk-v3_20250730_VRNN_constantx5b5constantx5b5_stepoobmetabolicturnfound_bx33.5_t1000000500000_q0.40.5_dmx0.80.8_dmn0.70.4_h64_wd0.00012_n2_walking_seed8215a5', walking=True, radiusx=1.0, diffusion_min=1.0, diffusion_max=1.0, r_shaping=['step', 'oob', 'metabolic', 'turn', 'found'], wind_rel=True, action_feedback=False, squash_action=True, flipping=True, odor_scaling=True, stray_max=2.0, test_episodes=50, viz_episodes=10, model_fname='', obs_noise=0.0, act_noise=0.0, cuda=False)
Using Precomputed Plume...
Using Precomputed Plume...
2025-07-30 23:10:17.087 python[31218:55186070] +[NSXPCSharedListener endpointForReply:withListenerName:replyErrorCode:]: an error occurred while attempting to obtain endpoint for listener 'ClientCallsAuxiliary': Connection invalid
2025-07-30 23:10:17.087 python[31219:55186071] +[NSXPCSharedListener endpointForReply:withListenerName:replyErrorCode:]: an error occurred while attempting to obtain endpoint for listener 'ClientCallsAuxiliary': Connection invalid
Using Precomputed Plume...
PlumeEnvironment: {'self': <plume_env.PlumeEnvironment object at 0x17bd0ee50>, 't_val_min': 10.0, 'sim_steps_max': 2050, 'reset_offset_tmax': 30, 'dataset': 'constantx5b5', 'move_capacity': 2.0, 'turn_capacity': 19.634954084936208, 'wind_obsx': 1.0, 'movex': 1.0, 'turnx': 1.0, 'birthx': 3.0, 'birthx_max': 1.0, 'env_dt': 0.04, 'loc_algo': 'uniform', 'qvar': 0.4, 'time_algo': 'uniform', 'angle_algo': 'uniform', 'homed_radius': 0.2, 'stray_max': 2.0, 'wind_rel': True, 'auto_movex': False, 'auto_reward': False, 'diff_max': 0.8, 'diff_min': 0.7, 'r_shaping': ['step', 'oob', 'metabolic', 'turn', 'found'], 'rewardx': 1.0, 'rescale': False, 'squash_action': True, 'walking': True, 'walk_move': 0.05, 'walk_turn': 3.14159, 'radiusx': 1.0, 'diffusion_min': 1.0, 'diffusion_max': 1.0, 'action_feedback': False, 'flipping': True, 'odor_scaling': True, 'obs_noise': 0.0, 'act_noise': 0.0, 'dynamic': False, 'seed': 8215, 'verbose': 0, '__class__': <class 'plume_env.PlumeEnvironment'>}
Squashing actions to 0-1
constantx5b5
wind: t_val_diff 0.03999999999999915 env_dt 0.04
puffs: t_val_diff 0.03999999999999915 env_dt 0.04
Reward Shaping ['step', 'oob', 'metabolic', 'turn', 'found']
Using MLPBase
hidden_size 64
Using VanillaRNN
Saved ./trained_models/ExptWalking20250730//plume_walk-v3_20250730_VRNN_constantx5b5constantx5b5_stepoobmetabolicturnfound_bx33.5_t1000000500000_q0.40.5_dmx0.80.8_dmn0.70.4_h64_wd0.00012_n2_walking_seed8215a5.pt.start
Stage: 0/2 - constantx5b5 b3.0 q0.4 n1000000
Saved ./trained_models/ExptWalking20250730/plume_walk-v3_20250730_VRNN_constantx5b5constantx5b5_stepoobmetabolicturnfound_bx33.5_t1000000500000_q0.40.5_dmx0.80.8_dmn0.70.4_h64_wd0.00012_n2_walking_seed8215a5.pt
Update 0/244, T 4096, FPS 196, 24-training-episode: mean/median -7.7/-6.3, min/max -18.4/3.4
Update 1/244, T 8192, FPS 197, 50-training-episode: mean/median -6.1/-5.7, min/max -16.3/5.9
Update 2/244, T 12288, FPS 198, 50-training-episode: mean/median -6.0/-5.6, min/max -12.1/5.9
Update 3/244, T 16384, FPS 200, 50-training-episode: mean/median -6.9/-6.5, min/max -13.7/-2.3
Update 4/244, T 20480, FPS 198, 50-training-episode: mean/median -6.7/-6.6, min/max -13.7/3.8
Update 5/244, T 24576, FPS 196, 50-training-episode: mean/median -5.6/-5.5, min/max -10.5/7.4
Update 6/244, T 28672, FPS 197, 50-training-episode: mean/median -6.7/-6.7, min/max -17.1/2.1
Update 7/244, T 32768, FPS 196, 50-training-episode: mean/median -6.5/-6.7, min/max -17.1/-2.0
Update 8/244, T 36864, FPS 196, 50-training-episode: mean/median -6.2/-6.4, min/max -11.2/2.1
Update 9/244, T 40960, FPS 196, 50-training-episode: mean/median -6.6/-6.7, min/max -11.1/-2.4
Update 10/244, T 45056, FPS 198, 50-training-episode: mean/median -4.0/-5.5, min/max -10.6/94.6
Update 11/244, T 49152, FPS 198, 50-training-episode: mean/median -3.8/-5.3, min/max -12.3/94.7
Update 12/244, T 53248, FPS 197, 50-training-episode: mean/median -3.5/-6.0, min/max -12.3/94.7
Update 13/244, T 57344, FPS 197, 50-training-episode: mean/median -6.6/-6.7, min/max -13.9/2.3
Update 14/244, T 61440, FPS 197, 50-training-episode: mean/median -5.8/-6.3, min/max -13.4/8.1
Update 15/244, T 65536, FPS 196, 50-training-episode: mean/median -4.9/-4.8, min/max -12.9/8.1
Update 16/244, T 69632, FPS 193, 50-training-episode: mean/median -2.8/-4.7, min/max -11.0/94.8
Update 17/244, T 73728, FPS 193, 50-training-episode: mean/median -5.4/-4.9, min/max -11.3/2.9
Update 18/244, T 77824, FPS 194, 50-training-episode: mean/median -5.2/-5.1, min/max -10.0/1.4
Update 19/244, T 81920, FPS 194, 50-training-episode: mean/median -5.3/-4.8, min/max -12.7/0.7
Update 20/244, T 86016, FPS 194, 50-training-episode: mean/median -5.0/-4.8, min/max -12.7/3.1
Update 21/244, T 90112, FPS 194, 50-training-episode: mean/median -5.2/-5.3, min/max -12.1/-1.9
Update 22/244, T 94208, FPS 194, 50-training-episode: mean/median -4.4/-4.1, min/max -9.5/-1.4
Update 23/244, T 98304, FPS 194, 50-training-episode: mean/median -4.8/-4.3, min/max -11.4/-1.9
Update 24/244, T 102400, FPS 194, 50-training-episode: mean/median -4.9/-4.7, min/max -11.2/-1.9
Update 25/244, T 106496, FPS 193, 50-training-episode: mean/median -4.4/-4.4, min/max -10.2/8.4
Update 26/244, T 110592, FPS 193, 50-training-episode: mean/median -2.2/-3.9, min/max -9.8/92.8
Update 27/244, T 114688, FPS 193, 50-training-episode: mean/median -2.3/-3.7, min/max -9.1/92.8
Update 28/244, T 118784, FPS 192, 50-training-episode: mean/median -4.4/-4.2, min/max -9.0/-1.6
Update 29/244, T 122880, FPS 192, 50-training-episode: mean/median -4.3/-4.1, min/max -9.5/-1.5
Update 30/244, T 126976, FPS 192, 50-training-episode: mean/median -3.6/-3.5, min/max -8.1/-1.6
Update 31/244, T 131072, FPS 192, 50-training-episode: mean/median -3.6/-3.7, min/max -7.4/8.3
Update 32/244, T 135168, FPS 188, 50-training-episode: mean/median -3.7/-3.7, min/max -7.6/-1.9
Update 33/244, T 139264, FPS 185, 50-training-episode: mean/median -3.8/-3.7, min/max -7.1/-1.7
Update 34/244, T 143360, FPS 183, 50-training-episode: mean/median -3.7/-3.7, min/max -5.8/-1.6
Update 35/244, T 147456, FPS 182, 50-training-episode: mean/median -3.9/-3.9, min/max -7.5/-1.8
Update 36/244, T 151552, FPS 181, 50-training-episode: mean/median -1.5/-3.4, min/max -6.2/96.0
Update 37/244, T 155648, FPS 179, 50-training-episode: mean/median -3.6/-3.5, min/max -7.3/-1.5
Update 38/244, T 159744, FPS 178, 50-training-episode: mean/median -3.6/-3.4, min/max -6.4/-1.7
Update 39/244, T 163840, FPS 177, 50-training-episode: mean/median -3.6/-3.6, min/max -6.4/-1.4
Update 40/244, T 167936, FPS 176, 50-training-episode: mean/median -3.7/-3.5, min/max -7.6/-2.0
Update 41/244, T 172032, FPS 175, 50-training-episode: mean/median -3.8/-3.6, min/max -8.7/-1.5
Update 42/244, T 176128, FPS 174, 50-training-episode: mean/median -1.3/-3.2, min/max -6.4/97.8
Update 43/244, T 180224, FPS 173, 50-training-episode: mean/median -3.4/-3.4, min/max -5.8/-1.7
Update 44/244, T 184320, FPS 172, 50-training-episode: mean/median -3.5/-3.4, min/max -7.0/2.5
Update 45/244, T 188416, FPS 171, 50-training-episode: mean/median -3.5/-3.4, min/max -8.1/2.6
Update 46/244, T 192512, FPS 170, 50-training-episode: mean/median -1.3/-3.1, min/max -6.0/95.7
Update 47/244, T 196608, FPS 170, 50-training-episode: mean/median -1.5/-3.2, min/max -6.7/97.9
Update 48/244, T 200704, FPS 169, 50-training-episode: mean/median -1.3/-3.4, min/max -5.7/98.3
Update 49/244, T 204800, FPS 168, 50-training-episode: mean/median -1.3/-3.4, min/max -6.9/98.8
Update 50/244, T 208896, FPS 168, 50-training-episode: mean/median 0.8/-2.9, min/max -6.0/98.0
Update 51/244, T 212992, FPS 167, 50-training-episode: mean/median 0.7/-3.1, min/max -7.7/97.9
Update 52/244, T 217088, FPS 167, 50-training-episode: mean/median -3.4/-3.5, min/max -9.0/6.4
Update 53/244, T 221184, FPS 167, 50-training-episode: mean/median -3.3/-3.2, min/max -6.6/7.6
Update 54/244, T 225280, FPS 166, 50-training-episode: mean/median 0.9/-3.1, min/max -6.8/99.4
Update 55/244, T 229376, FPS 166, 50-training-episode: mean/median -1.5/-3.2, min/max -9.5/99.7
Update 56/244, T 233472, FPS 165, 50-training-episode: mean/median 0.8/-3.1, min/max -5.8/97.1
Update 57/244, T 237568, FPS 165, 50-training-episode: mean/median -1.3/-2.9, min/max -7.3/99.2
Update 58/244, T 241664, FPS 164, 50-training-episode: mean/median 0.6/-3.0, min/max -7.1/99.0
Update 59/244, T 245760, FPS 164, 50-training-episode: mean/median -3.5/-3.4, min/max -6.8/-1.6
Update 60/244, T 249856, FPS 163, 50-training-episode: mean/median -1.2/-3.4, min/max -5.7/96.9
Update 61/244, T 253952, FPS 162, 50-training-episode: mean/median -2.9/-3.2, min/max -4.7/8.5
Update 62/244, T 258048, FPS 161, 50-training-episode: mean/median 1.3/-3.0, min/max -5.2/109.0
Update 63/244, T 262144, FPS 161, 50-training-episode: mean/median -1.2/-3.1, min/max -8.5/99.1
Update 64/244, T 266240, FPS 160, 50-training-episode: mean/median 3.0/-2.9, min/max -6.0/108.0
Update 65/244, T 270336, FPS 159, 50-training-episode: mean/median -0.5/-3.0, min/max -4.7/108.5
Update 66/244, T 274432, FPS 159, 50-training-episode: mean/median 2.8/-3.1, min/max -5.7/99.0
Update 67/244, T 278528, FPS 158, 50-training-episode: mean/median 0.4/-3.3, min/max -7.4/98.5
Update 68/244, T 282624, FPS 157, 50-training-episode: mean/median 4.5/-3.3, min/max -7.8/99.3
Update 69/244, T 286720, FPS 156, 50-training-episode: mean/median 13.0/-3.0, min/max -8.3/109.1
Update 70/244, T 290816, FPS 156, 50-training-episode: mean/median 7.0/-3.2, min/max -6.4/109.1
Update 71/244, T 294912, FPS 155, 50-training-episode: mean/median 7.0/-3.2, min/max -8.1/109.2
Update 72/244, T 299008, FPS 154, 50-training-episode: mean/median 6.5/-3.4, min/max -8.0/98.9
Update 73/244, T 303104, FPS 154, 50-training-episode: mean/median 8.5/-3.2, min/max -8.4/99.5
Update 74/244, T 307200, FPS 154, 50-training-episode: mean/median 22.9/-2.7, min/max -6.6/99.5
Update 75/244, T 311296, FPS 153, 50-training-episode: mean/median 7.8/-3.9, min/max -10.2/99.1
Update 76/244, T 315392, FPS 153, 50-training-episode: mean/median 19.9/-3.1, min/max -10.2/99.6
Update 77/244, T 319488, FPS 152, 50-training-episode: mean/median 18.1/-3.0, min/max -8.5/99.6
Update 78/244, T 323584, FPS 152, 50-training-episode: mean/median 22.2/-2.9, min/max -9.8/98.8
Update 79/244, T 327680, FPS 151, 50-training-episode: mean/median 26.7/-2.6, min/max -8.4/109.2
Update 80/244, T 331776, FPS 151, 50-training-episode: mean/median 30.7/-2.4, min/max -7.5/99.7
Update 81/244, T 335872, FPS 151, 50-training-episode: mean/median 54.9/95.7, min/max -8.0/99.6
Update 82/244, T 339968, FPS 150, 50-training-episode: mean/median 36.6/-2.2, min/max -7.9/99.0
Update 83/244, T 344064, FPS 149, 50-training-episode: mean/median 34.2/-2.5, min/max -7.9/99.6
Update 84/244, T 348160, FPS 149, 50-training-episode: mean/median 32.4/-2.4, min/max -7.9/99.6
Update 85/244, T 352256, FPS 149, 50-training-episode: mean/median 28.6/-2.5, min/max -6.9/99.6
Update 86/244, T 356352, FPS 148, 50-training-episode: mean/median 34.6/-2.4, min/max -7.4/99.7
Update 87/244, T 360448, FPS 148, 50-training-episode: mean/median 28.4/-2.9, min/max -7.3/99.4
Update 88/244, T 364544, FPS 148, 50-training-episode: mean/median 30.9/-2.8, min/max -6.4/99.8
Update 89/244, T 368640, FPS 147, 50-training-episode: mean/median 45.0/-2.2, min/max -9.9/107.9
Update 90/244, T 372736, FPS 147, 50-training-episode: mean/median 36.5/-2.6, min/max -7.1/99.5
Update 91/244, T 376832, FPS 146, 50-training-episode: mean/median 44.6/-1.8, min/max -9.7/99.7
Update 92/244, T 380928, FPS 146, 50-training-episode: mean/median 52.8/95.3, min/max -9.9/109.3
Update 93/244, T 385024, FPS 146, 50-training-episode: mean/median 49.1/94.8, min/max -9.9/99.8
Update 94/244, T 389120, FPS 146, 50-training-episode: mean/median 42.2/-2.0, min/max -8.4/98.9
Update 95/244, T 393216, FPS 146, 50-training-episode: mean/median 48.4/94.9, min/max -8.1/99.4
Update 96/244, T 397312, FPS 145, 50-training-episode: mean/median 56.5/95.8, min/max -7.9/99.0
Update 97/244, T 401408, FPS 145, 50-training-episode: mean/median 59.0/96.4, min/max -7.3/108.8
Update 98/244, T 405504, FPS 145, 50-training-episode: mean/median 56.7/95.4, min/max -6.9/108.8
Update 99/244, T 409600, FPS 145, 50-training-episode: mean/median 42.6/-1.7, min/max -8.0/99.1
Saved ./trained_models/ExptWalking20250730/plume_walk-v3_20250730_VRNN_constantx5b5constantx5b5_stepoobmetabolicturnfound_bx33.5_t1000000500000_q0.40.5_dmx0.80.8_dmn0.70.4_h64_wd0.00012_n2_walking_seed8215a5.pt
Update 100/244, T 413696, FPS 145, 50-training-episode: mean/median 25.8/-2.6, min/max -9.7/99.7
Update 101/244, T 417792, FPS 145, 50-training-episode: mean/median 32.2/-2.5, min/max -9.7/99.9
Update 102/244, T 421888, FPS 145, 50-training-episode: mean/median 42.9/-2.0, min/max -10.6/107.2
Update 103/244, T 425984, FPS 145, 50-training-episode: mean/median 48.5/94.5, min/max -7.3/99.4
Update 104/244, T 430080, FPS 145, 50-training-episode: mean/median 40.7/-2.0, min/max -11.0/99.2
Update 105/244, T 434176, FPS 144, 50-training-episode: mean/median 42.6/-2.5, min/max -7.0/109.1
Update 106/244, T 438272, FPS 144, 50-training-episode: mean/median 43.1/-1.7, min/max -6.6/107.7
Update 107/244, T 442368, FPS 144, 50-training-episode: mean/median 59.1/96.0, min/max -6.0/104.7
Update 108/244, T 446464, FPS 144, 50-training-episode: mean/median 58.6/95.6, min/max -8.9/98.8
Update 109/244, T 450560, FPS 144, 50-training-episode: mean/median 54.5/95.7, min/max -8.9/99.2
Update 110/244, T 454656, FPS 144, 50-training-episode: mean/median 58.8/96.3, min/max -9.0/108.0
Update 111/244, T 458752, FPS 144, 50-training-episode: mean/median 56.6/95.4, min/max -9.0/105.4
Update 112/244, T 462848, FPS 144, 50-training-episode: mean/median 59.0/95.9, min/max -7.3/107.6
Update 113/244, T 466944, FPS 144, 50-training-episode: mean/median 51.4/95.3, min/max -6.8/109.3
Update 114/244, T 471040, FPS 143, 50-training-episode: mean/median 46.7/46.5, min/max -8.2/98.8
Update 115/244, T 475136, FPS 143, 50-training-episode: mean/median 45.0/-1.5, min/max -8.7/108.3
Update 116/244, T 479232, FPS 143, 50-training-episode: mean/median 52.9/95.1, min/max -6.4/108.3
Update 117/244, T 483328, FPS 143, 50-training-episode: mean/median 64.8/95.7, min/max -6.5/99.3
Update 118/244, T 487424, FPS 143, 50-training-episode: mean/median 68.8/96.6, min/max -8.9/99.4
Update 119/244, T 491520, FPS 143, 50-training-episode: mean/median 66.6/96.5, min/max -7.9/98.8
Update 120/244, T 495616, FPS 143, 50-training-episode: mean/median 60.8/96.7, min/max -7.9/99.6
Update 121/244, T 499712, FPS 143, 50-training-episode: mean/median 64.9/96.6, min/max -8.0/99.1
Update 122/244, T 503808, FPS 143, 50-training-episode: mean/median 55.4/95.9, min/max -6.9/107.3
Update 123/244, T 507904, FPS 143, 50-training-episode: mean/median 56.9/95.6, min/max -6.9/99.5
Update 124/244, T 512000, FPS 143, 50-training-episode: mean/median 63.7/96.8, min/max -5.8/107.4
Update 125/244, T 516096, FPS 143, 50-training-episode: mean/median 57.2/96.0, min/max -7.9/99.7
Update 126/244, T 520192, FPS 143, 50-training-episode: mean/median 47.0/51.9, min/max -7.9/108.5
Update 127/244, T 524288, FPS 143, 50-training-episode: mean/median 44.6/-1.8, min/max -9.0/109.1
Update 128/244, T 528384, FPS 143, 50-training-episode: mean/median 49.2/95.5, min/max -9.8/109.2
Update 129/244, T 532480, FPS 143, 50-training-episode: mean/median 60.7/96.1, min/max -8.1/105.4
Update 130/244, T 536576, FPS 143, 50-training-episode: mean/median 63.0/96.5, min/max -8.5/99.8
Update 131/244, T 540672, FPS 143, 50-training-episode: mean/median 62.4/96.4, min/max -7.5/98.8
Update 132/244, T 544768, FPS 143, 50-training-episode: mean/median 42.5/-1.7, min/max -8.0/99.3
Update 133/244, T 548864, FPS 143, 50-training-episode: mean/median 50.7/95.0, min/max -8.5/99.3
Update 134/244, T 552960, FPS 143, 50-training-episode: mean/median 60.7/96.6, min/max -8.8/99.3
Update 135/244, T 557056, FPS 143, 50-training-episode: mean/median 47.0/50.6, min/max -8.2/99.8
Update 136/244, T 561152, FPS 143, 50-training-episode: mean/median 60.8/96.3, min/max -8.2/99.1
Update 137/244, T 565248, FPS 143, 50-training-episode: mean/median 56.5/95.8, min/max -8.1/99.2
Update 138/244, T 569344, FPS 143, 50-training-episode: mean/median 48.6/94.5, min/max -11.4/99.5
Update 139/244, T 573440, FPS 143, 50-training-episode: mean/median 56.7/95.8, min/max -8.0/108.3
Update 140/244, T 577536, FPS 143, 50-training-episode: mean/median 54.8/96.5, min/max -9.3/107.6
Update 141/244, T 581632, FPS 143, 50-training-episode: mean/median 54.3/96.7, min/max -10.5/99.9
Update 142/244, T 585728, FPS 143, 50-training-episode: mean/median 42.2/-1.9, min/max -10.5/99.9
Update 143/244, T 589824, FPS 143, 50-training-episode: mean/median 29.8/-3.5, min/max -8.5/99.2
Update 144/244, T 593920, FPS 143, 50-training-episode: mean/median 52.4/96.4, min/max -8.2/99.9
Update 145/244, T 598016, FPS 144, 50-training-episode: mean/median 54.5/96.2, min/max -7.9/99.5
Update 146/244, T 602112, FPS 144, 50-training-episode: mean/median 54.8/96.2, min/max -8.0/99.5
Update 147/244, T 606208, FPS 144, 50-training-episode: mean/median 49.6/95.8, min/max -6.0/107.4
Update 148/244, T 610304, FPS 144, 50-training-episode: mean/median 50.5/95.3, min/max -7.1/99.4
Update 149/244, T 614400, FPS 144, 50-training-episode: mean/median 50.7/96.5, min/max -7.5/99.8
Update 150/244, T 618496, FPS 144, 50-training-episode: mean/median 63.2/96.8, min/max -8.8/109.1
Update 151/244, T 622592, FPS 144, 50-training-episode: mean/median 52.9/96.2, min/max -8.2/99.7
Update 152/244, T 626688, FPS 144, 50-training-episode: mean/median 53.2/95.9, min/max -8.0/108.7
Update 153/244, T 630784, FPS 144, 50-training-episode: mean/median 54.7/96.0, min/max -9.8/108.7
Update 154/244, T 634880, FPS 144, 50-training-episode: mean/median 42.6/-1.6, min/max -8.0/99.2
Update 155/244, T 638976, FPS 144, 50-training-episode: mean/median 42.7/-2.2, min/max -9.1/108.8
Update 156/244, T 643072, FPS 144, 50-training-episode: mean/median 60.9/96.2, min/max -9.3/99.6
Update 157/244, T 647168, FPS 144, 50-training-episode: mean/median 58.7/96.4, min/max -9.3/99.6
Update 158/244, T 651264, FPS 144, 50-training-episode: mean/median 56.5/95.9, min/max -9.1/99.8
Update 159/244, T 655360, FPS 144, 50-training-episode: mean/median 46.6/49.5, min/max -7.9/99.8
Update 160/244, T 659456, FPS 144, 50-training-episode: mean/median 58.8/96.6, min/max -7.7/99.2
Update 161/244, T 663552, FPS 144, 50-training-episode: mean/median 64.9/96.4, min/max -6.8/99.6
Update 162/244, T 667648, FPS 144, 50-training-episode: mean/median 56.2/95.8, min/max -8.2/99.3
Update 163/244, T 671744, FPS 144, 50-training-episode: mean/median 32.0/-3.2, min/max -9.9/99.4
Update 164/244, T 675840, FPS 144, 50-training-episode: mean/median 46.5/51.2, min/max -9.9/108.6
Update 165/244, T 679936, FPS 144, 50-training-episode: mean/median 46.8/47.1, min/max -7.8/99.7
Update 166/244, T 684032, FPS 144, 50-training-episode: mean/median 67.2/96.7, min/max -7.3/99.5
Update 167/244, T 688128, FPS 144, 50-training-episode: mean/median 58.5/96.1, min/max -7.3/99.5
Update 168/244, T 692224, FPS 144, 50-training-episode: mean/median 62.9/96.5, min/max -8.7/107.9
Update 169/244, T 696320, FPS 144, 50-training-episode: mean/median 52.7/95.8, min/max -8.1/99.8
Update 170/244, T 700416, FPS 144, 50-training-episode: mean/median 52.8/95.3, min/max -8.0/99.0
Update 171/244, T 704512, FPS 144, 50-training-episode: mean/median 46.6/46.7, min/max -8.2/98.6
Update 172/244, T 708608, FPS 144, 50-training-episode: mean/median 50.1/94.6, min/max -9.1/99.1
Update 173/244, T 712704, FPS 144, 50-training-episode: mean/median 58.3/95.9, min/max -9.1/99.1
Update 174/244, T 716800, FPS 144, 50-training-episode: mean/median 56.6/95.7, min/max -8.4/107.2
Update 175/244, T 720896, FPS 144, 50-training-episode: mean/median 70.9/96.6, min/max -8.8/99.5
Update 176/244, T 724992, FPS 144, 50-training-episode: mean/median 58.5/95.9, min/max -8.8/99.1
Update 177/244, T 729088, FPS 144, 50-training-episode: mean/median 56.3/95.4, min/max -8.1/98.5
Update 178/244, T 733184, FPS 144, 50-training-episode: mean/median 54.6/95.6, min/max -7.8/99.7
Update 179/244, T 737280, FPS 144, 50-training-episode: mean/median 44.7/-1.8, min/max -8.0/107.2
Update 180/244, T 741376, FPS 144, 50-training-episode: mean/median 53.1/95.6, min/max -8.0/108.1
Update 181/244, T 745472, FPS 144, 50-training-episode: mean/median 52.5/94.9, min/max -7.3/98.7
Update 182/244, T 749568, FPS 144, 50-training-episode: mean/median 32.0/-2.6, min/max -7.8/99.1
Update 183/244, T 753664, FPS 144, 50-training-episode: mean/median 40.0/-2.2, min/max -8.9/99.7
Update 184/244, T 757760, FPS 144, 50-training-episode: mean/median 40.1/-2.4, min/max -9.5/99.0
Update 185/244, T 761856, FPS 144, 50-training-episode: mean/median 50.9/95.8, min/max -7.0/108.8
Update 186/244, T 765952, FPS 144, 50-training-episode: mean/median 54.8/95.5, min/max -8.0/99.6
Update 187/244, T 770048, FPS 144, 50-training-episode: mean/median 52.5/95.4, min/max -7.6/99.2
Update 188/244, T 774144, FPS 144, 50-training-episode: mean/median 62.5/96.0, min/max -7.6/107.4
Update 189/244, T 778240, FPS 144, 50-training-episode: mean/median 59.1/96.5, min/max -8.6/106.2
Update 190/244, T 782336, FPS 144, 50-training-episode: mean/median 44.4/-1.7, min/max -7.6/98.9
Update 191/244, T 786432, FPS 144, 50-training-episode: mean/median 44.7/-2.2, min/max -7.3/98.9
Update 192/244, T 790528, FPS 144, 50-training-episode: mean/median 53.2/96.8, min/max -8.3/107.7
Update 193/244, T 794624, FPS 144, 50-training-episode: mean/median 52.5/96.2, min/max -8.3/99.3
Update 194/244, T 798720, FPS 144, 50-training-episode: mean/median 52.6/96.0, min/max -7.7/99.4
Update 195/244, T 802816, FPS 144, 50-training-episode: mean/median 40.3/-2.6, min/max -8.7/99.4
Update 196/244, T 806912, FPS 144, 50-training-episode: mean/median 42.4/-2.6, min/max -8.7/99.1
Update 197/244, T 811008, FPS 144, 50-training-episode: mean/median 40.6/-2.3, min/max -8.4/99.7
Update 198/244, T 815104, FPS 144, 50-training-episode: mean/median 36.9/-2.5, min/max -8.2/99.8
Update 199/244, T 819200, FPS 144, 50-training-episode: mean/median 35.0/-2.2, min/max -8.5/107.6
Saved ./trained_models/ExptWalking20250730/plume_walk-v3_20250730_VRNN_constantx5b5constantx5b5_stepoobmetabolicturnfound_bx33.5_t1000000500000_q0.40.5_dmx0.80.8_dmn0.70.4_h64_wd0.00012_n2_walking_seed8215a5.pt
Saved ./trained_models/ExptWalking20250730/plume_walk-v3_20250730_VRNN_constantx5b5constantx5b5_stepoobmetabolicturnfound_bx33.5_t1000000500000_q0.40.5_dmx0.80.8_dmn0.70.4_h64_wd0.00012_n2_walking_seed8215a5.pt.best
Update 200/244, T 823296, FPS 144, 50-training-episode: mean/median 50.9/96.3, min/max -7.9/107.6
Update 201/244, T 827392, FPS 144, 50-training-episode: mean/median 40.6/-2.8, min/max -9.3/107.9
Update 202/244, T 831488, FPS 144, 50-training-episode: mean/median 46.4/46.7, min/max -8.4/99.4
Update 203/244, T 835584, FPS 144, 50-training-episode: mean/median 36.7/-2.6, min/max -7.5/99.6
Update 204/244, T 839680, FPS 144, 50-training-episode: mean/median 26.3/-3.2, min/max -7.6/99.5
Update 205/244, T 843776, FPS 144, 50-training-episode: mean/median 24.4/-3.1, min/max -7.4/99.8
Update 206/244, T 847872, FPS 144, 50-training-episode: mean/median 34.6/-2.6, min/max -6.9/98.9
Update 207/244, T 851968, FPS 144, 50-training-episode: mean/median 40.3/-2.7, min/max -7.9/99.8
Update 208/244, T 856064, FPS 144, 50-training-episode: mean/median 44.3/-2.6, min/max -8.0/99.7
Update 209/244, T 860160, FPS 143, 50-training-episode: mean/median 30.2/-3.2, min/max -9.4/99.4
Update 210/244, T 864256, FPS 143, 50-training-episode: mean/median 32.2/-2.8, min/max -8.6/99.3
Update 211/244, T 868352, FPS 143, 50-training-episode: mean/median 48.6/95.0, min/max -6.7/99.1
Update 212/244, T 872448, FPS 143, 50-training-episode: mean/median 38.4/-2.8, min/max -8.1/99.5
Update 213/244, T 876544, FPS 143, 50-training-episode: mean/median 38.4/-2.5, min/max -8.5/99.7
Update 214/244, T 880640, FPS 143, 50-training-episode: mean/median 35.1/-2.3, min/max -8.5/108.7
Update 215/244, T 884736, FPS 143, 50-training-episode: mean/median 38.7/-2.3, min/max -8.3/99.2
Update 216/244, T 888832, FPS 143, 50-training-episode: mean/median 24.2/-3.0, min/max -8.2/99.1
Update 217/244, T 892928, FPS 143, 50-training-episode: mean/median 34.7/-2.7, min/max -8.1/107.5
Update 218/244, T 897024, FPS 143, 50-training-episode: mean/median 40.3/-2.8, min/max -6.9/99.5
Update 219/244, T 901120, FPS 143, 50-training-episode: mean/median 30.5/-2.6, min/max -8.7/99.1
Update 220/244, T 905216, FPS 143, 50-training-episode: mean/median 38.3/-2.5, min/max -8.9/99.4
Update 221/244, T 909312, FPS 143, 50-training-episode: mean/median 36.3/-3.2, min/max -7.1/98.9
Update 222/244, T 913408, FPS 143, 50-training-episode: mean/median 44.2/-1.9, min/max -8.0/99.0
Update 223/244, T 917504, FPS 143, 50-training-episode: mean/median 38.7/-2.6, min/max -8.1/108.2
Update 224/244, T 921600, FPS 143, 50-training-episode: mean/median 36.0/-2.7, min/max -9.9/99.4
Update 225/244, T 925696, FPS 143, 50-training-episode: mean/median 32.1/-2.8, min/max -10.1/99.7
Update 226/244, T 929792, FPS 143, 50-training-episode: mean/median 39.0/-2.7, min/max -8.6/108.4
Update 227/244, T 933888, FPS 143, 50-training-episode: mean/median 42.4/-2.5, min/max -10.0/100.0
Update 228/244, T 937984, FPS 143, 50-training-episode: mean/median 56.9/96.3, min/max -7.5/99.3
Update 229/244, T 942080, FPS 143, 50-training-episode: mean/median 56.8/95.5, min/max -6.4/99.1
Update 230/244, T 946176, FPS 143, 50-training-episode: mean/median 34.9/-2.2, min/max -6.2/99.4
Update 231/244, T 950272, FPS 143, 50-training-episode: mean/median 42.7/-1.8, min/max -7.7/99.6
Update 232/244, T 954368, FPS 143, 50-training-episode: mean/median 61.2/96.2, min/max -8.0/105.2
Update 233/244, T 958464, FPS 143, 50-training-episode: mean/median 50.9/95.2, min/max -8.2/105.2
Update 234/244, T 962560, FPS 143, 50-training-episode: mean/median 49.1/94.7, min/max -8.2/99.5
Update 235/244, T 966656, FPS 143, 50-training-episode: mean/median 64.9/96.5, min/max -8.0/99.5
Update 236/244, T 970752, FPS 143, 50-training-episode: mean/median 38.6/-2.6, min/max -7.5/99.0
Update 237/244, T 974848, FPS 143, 50-training-episode: mean/median 48.8/94.7, min/max -7.3/107.6
Update 238/244, T 978944, FPS 143, 50-training-episode: mean/median 38.5/-2.8, min/max -7.1/99.7
Update 239/244, T 983040, FPS 143, 50-training-episode: mean/median 32.6/-2.5, min/max -9.5/99.7
Update 240/244, T 987136, FPS 143, 50-training-episode: mean/median 36.4/-2.3, min/max -9.5/99.8
Update 241/244, T 991232, FPS 143, 50-training-episode: mean/median 46.4/45.8, min/max -9.4/99.2
Update 242/244, T 995328, FPS 143, 50-training-episode: mean/median 54.3/96.2, min/max -9.4/99.7
Saved ./trained_models/ExptWalking20250730/plume_walk-v3_20250730_VRNN_constantx5b5constantx5b5_stepoobmetabolicturnfound_bx33.5_t1000000500000_q0.40.5_dmx0.80.8_dmn0.70.4_h64_wd0.00012_n2_walking_seed8215a5.pt
Update 243/244, T 999424, FPS 143, 50-training-episode: mean/median 46.4/46.9, min/max -8.8/99.5
Stage: 1/2 - constantx5b5 b3.5 q0.5 n500000
Using Precomputed Plume...
Using Precomputed Plume...
PlumeEnvironment: {'self': <plume_env.PlumeEnvironment object at 0x1034a3220>, 't_val_min': 10.0, 'sim_steps_max': 2050, 'reset_offset_tmax': 30, 'dataset': 'constantx5b5', 'move_capacity': 2.0, 'turn_capacity': 19.634954084936208, 'wind_obsx': 1.0, 'movex': 1.0, 'turnx': 1.0, 'birthx': 3.0, 'birthx_max': 1.0, 'env_dt': 0.04, 'loc_algo': 'uniform', 'qvar': 0.4, 'time_algo': 'uniform', 'angle_algo': 'uniform', 'homed_radius': 0.2, 'stray_max': 2.0, 'wind_rel': True, 'auto_movex': False, 'auto_reward': False, 'diff_max': 0.8, 'diff_min': 0.7, 'r_shaping': ['step', 'oob', 'metabolic', 'turn', 'found'], 'rewardx': 1.0, 'rescale': False, 'squash_action': True, 'walking': True, 'walk_move': 0.05, 'walk_turn': 3.14159, 'radiusx': 1.0, 'diffusion_min': 1.0, 'diffusion_max': 1.0, 'action_feedback': False, 'flipping': True, 'odor_scaling': True, 'obs_noise': 0.0, 'act_noise': 0.0, 'dynamic': False, 'seed': 8215, 'verbose': 0, '__class__': <class 'plume_env.PlumeEnvironment'>}
Squashing actions to 0-1
constantx5b5
wind: t_val_diff 0.03999999999999915 env_dt 0.04
puffs: t_val_diff 0.03999999999999915 env_dt 0.04
Reward Shaping ['step', 'oob', 'metabolic', 'turn', 'found']
PlumeEnvironment: {'self': <plume_env.PlumeEnvironment object at 0x1034a3220>, 't_val_min': 10.0, 'sim_steps_max': 2050, 'reset_offset_tmax': 30, 'dataset': 'constantx5b5', 'move_capacity': 2.0, 'turn_capacity': 19.634954084936208, 'wind_obsx': 1.0, 'movex': 1.0, 'turnx': 1.0, 'birthx': 3.0, 'birthx_max': 1.0, 'env_dt': 0.04, 'loc_algo': 'uniform', 'qvar': 0.4, 'time_algo': 'uniform', 'angle_algo': 'uniform', 'homed_radius': 0.2, 'stray_max': 2.0, 'wind_rel': True, 'auto_movex': False, 'auto_reward': False, 'diff_max': 0.8, 'diff_min': 0.7, 'r_shaping': ['step', 'oob', 'metabolic', 'turn', 'found'], 'rewardx': 1.0, 'rescale': False, 'squash_action': True, 'walking': True, 'walk_move': 0.05, 'walk_turn': 3.14159, 'radiusx': 1.0, 'diffusion_min': 1.0, 'diffusion_max': 1.0, 'action_feedback': False, 'flipping': True, 'odor_scaling': True, 'obs_noise': 0.0, 'act_noise': 0.0, 'dynamic': False, 'seed': 8215, 'verbose': 0, '__class__': <class 'plume_env.PlumeEnvironment'>}
Squashing actions to 0-1
constantx5b5
wind: t_val_diff 0.03999999999999915 env_dt 0.04
puffs: t_val_diff 0.03999999999999915 env_dt 0.04
Reward Shaping ['step', 'oob', 'metabolic', 'turn', 'found']
Saved ./trained_models/ExptWalking20250730/plume_walk-v3_20250730_VRNN_constantx5b5constantx5b5_stepoobmetabolicturnfound_bx33.5_t1000000500000_q0.40.5_dmx0.80.8_dmn0.70.4_h64_wd0.00012_n2_walking_seed8215a5.pt
Update 0/122, T 4096, FPS 144, 38-training-episode: mean/median -2.9/-5.5, min/max -13.2/95.3
Update 1/122, T 8192, FPS 147, 50-training-episode: mean/median 0.5/-4.8, min/max -13.2/98.4
Update 2/122, T 12288, FPS 146, 50-training-episode: mean/median 11.4/-5.0, min/max -10.0/108.3
Update 3/122, T 16384, FPS 146, 50-training-episode: mean/median 28.0/-2.8, min/max -9.9/108.3
Update 4/122, T 20480, FPS 146, 50-training-episode: mean/median 16.9/-5.0, min/max -9.7/98.2
Update 5/122, T 24576, FPS 146, 50-training-episode: mean/median 23.0/-5.1, min/max -8.6/98.7
Update 6/122, T 28672, FPS 146, 50-training-episode: mean/median 19.3/-3.4, min/max -10.9/99.0
Update 7/122, T 32768, FPS 146, 50-training-episode: mean/median 24.0/-3.0, min/max -9.7/108.9
Update 8/122, T 36864, FPS 145, 50-training-episode: mean/median 17.9/-3.6, min/max -9.9/99.0
Update 9/122, T 40960, FPS 145, 50-training-episode: mean/median 28.1/-4.0, min/max -9.5/99.8
Update 10/122, T 45056, FPS 145, 50-training-episode: mean/median 33.9/-3.3, min/max -9.5/99.6
Update 11/122, T 49152, FPS 145, 50-training-episode: mean/median 25.6/-3.6, min/max -9.5/99.3
Update 12/122, T 53248, FPS 146, 50-training-episode: mean/median 19.6/-4.1, min/max -8.7/99.6
Update 13/122, T 57344, FPS 146, 50-training-episode: mean/median 27.7/-3.4, min/max -9.1/99.2
Update 14/122, T 61440, FPS 146, 50-training-episode: mean/median 19.3/-4.8, min/max -9.1/99.5
Update 15/122, T 65536, FPS 146, 50-training-episode: mean/median 19.3/-4.7, min/max -9.3/99.5
Update 16/122, T 69632, FPS 146, 50-training-episode: mean/median 23.4/-5.2, min/max -8.5/99.5
Update 17/122, T 73728, FPS 147, 50-training-episode: mean/median 25.1/-5.6, min/max -9.9/98.9
Update 18/122, T 77824, FPS 147, 50-training-episode: mean/median 29.8/-3.3, min/max -7.6/99.6
Update 19/122, T 81920, FPS 146, 50-training-episode: mean/median 39.7/-3.4, min/max -8.1/99.5
Update 20/122, T 86016, FPS 147, 50-training-episode: mean/median 33.9/-3.3, min/max -9.0/108.4
Update 21/122, T 90112, FPS 147, 50-training-episode: mean/median 27.7/-3.4, min/max -8.8/108.4
Update 22/122, T 94208, FPS 147, 50-training-episode: mean/median 25.6/-3.4, min/max -9.5/99.4
Update 23/122, T 98304, FPS 147, 50-training-episode: mean/median 16.9/-5.0, min/max -9.5/98.7
Update 24/122, T 102400, FPS 147, 50-training-episode: mean/median 27.3/-4.3, min/max -9.5/99.4
Update 25/122, T 106496, FPS 147, 50-training-episode: mean/median 17.6/-4.4, min/max -10.1/99.5
Update 26/122, T 110592, FPS 146, 50-training-episode: mean/median 23.9/-3.8, min/max -10.1/99.0
Update 27/122, T 114688, FPS 145, 50-training-episode: mean/median 27.2/-4.9, min/max -8.9/99.9
Update 28/122, T 118784, FPS 145, 50-training-episode: mean/median 17.5/-4.7, min/max -10.0/99.8
Update 29/122, T 122880, FPS 146, 50-training-episode: mean/median 11.2/-4.9, min/max -8.0/99.5
Update 30/122, T 126976, FPS 146, 50-training-episode: mean/median 17.6/-4.2, min/max -9.5/99.1
Update 31/122, T 131072, FPS 146, 50-training-episode: mean/median 17.1/-5.0, min/max -9.2/99.0
Update 32/122, T 135168, FPS 146, 50-training-episode: mean/median 23.9/-3.6, min/max -8.7/99.6
Update 33/122, T 139264, FPS 146, 50-training-episode: mean/median 24.2/-4.2, min/max -9.1/99.4
Update 34/122, T 143360, FPS 147, 50-training-episode: mean/median 23.6/-3.9, min/max -10.6/98.9
Update 35/122, T 147456, FPS 147, 50-training-episode: mean/median 27.6/-4.4, min/max -9.2/98.3
Update 36/122, T 151552, FPS 147, 50-training-episode: mean/median 9.9/-3.8, min/max -8.2/99.6
Update 37/122, T 155648, FPS 147, 50-training-episode: mean/median 13.4/-4.5, min/max -8.1/98.4
Update 38/122, T 159744, FPS 147, 50-training-episode: mean/median 21.5/-4.6, min/max -8.8/99.5
Update 39/122, T 163840, FPS 147, 50-training-episode: mean/median 27.8/-3.6, min/max -9.3/99.5
Update 40/122, T 167936, FPS 147, 50-training-episode: mean/median 13.4/-4.6, min/max -8.7/98.3
Update 41/122, T 172032, FPS 148, 50-training-episode: mean/median 13.2/-4.8, min/max -8.6/98.8
Update 42/122, T 176128, FPS 148, 50-training-episode: mean/median 23.8/-2.9, min/max -9.0/108.8
Update 43/122, T 180224, FPS 148, 50-training-episode: mean/median 23.9/-3.4, min/max -8.5/108.8
Update 44/122, T 184320, FPS 148, 50-training-episode: mean/median 20.5/-3.1, min/max -8.6/109.2
Update 45/122, T 188416, FPS 148, 50-training-episode: mean/median 30.3/-2.7, min/max -8.8/105.4
Update 46/122, T 192512, FPS 148, 50-training-episode: mean/median 36.1/-2.8, min/max -8.5/99.5
Update 47/122, T 196608, FPS 148, 50-training-episode: mean/median 33.9/-3.0, min/max -8.0/99.0
Update 48/122, T 200704, FPS 148, 50-training-episode: mean/median 26.2/-2.9, min/max -7.7/99.0
Update 49/122, T 204800, FPS 148, 50-training-episode: mean/median 20.2/-3.1, min/max -8.1/99.5
Update 50/122, T 208896, FPS 148, 50-training-episode: mean/median 22.0/-3.8, min/max -8.1/99.0
Update 51/122, T 212992, FPS 148, 50-training-episode: mean/median 24.3/-2.9, min/max -8.3/99.6
Update 52/122, T 217088, FPS 148, 50-training-episode: mean/median 26.6/-3.0, min/max -8.1/109.2
Update 53/122, T 221184, FPS 148, 50-training-episode: mean/median 27.0/-2.8, min/max -7.7/109.4
Update 54/122, T 225280, FPS 149, 50-training-episode: mean/median 36.7/-2.3, min/max -7.6/99.3
Update 55/122, T 229376, FPS 149, 50-training-episode: mean/median 25.9/-3.4, min/max -8.1/99.5
Update 56/122, T 233472, FPS 149, 50-training-episode: mean/median 27.9/-3.6, min/max -7.7/99.5
Update 57/122, T 237568, FPS 149, 50-training-episode: mean/median 30.6/-2.4, min/max -8.6/99.7
Update 58/122, T 241664, FPS 149, 50-training-episode: mean/median 42.5/-1.8, min/max -9.1/99.8
Update 59/122, T 245760, FPS 149, 50-training-episode: mean/median 30.3/-2.9, min/max -8.7/99.0
Update 60/122, T 249856, FPS 149, 50-training-episode: mean/median 28.1/-3.4, min/max -8.5/99.1
Update 61/122, T 253952, FPS 149, 50-training-episode: mean/median 26.5/-3.4, min/max -7.5/98.6
Update 62/122, T 258048, FPS 149, 50-training-episode: mean/median 44.8/-1.9, min/max -7.5/99.6
Update 63/122, T 262144, FPS 149, 50-training-episode: mean/median 42.6/-1.9, min/max -7.5/99.2
Update 64/122, T 266240, FPS 149, 50-training-episode: mean/median 30.3/-2.7, min/max -8.4/99.2
Update 65/122, T 270336, FPS 149, 50-training-episode: mean/median 36.2/-2.4, min/max -8.4/98.8
Update 66/122, T 274432, FPS 149, 50-training-episode: mean/median 40.3/-2.6, min/max -7.9/99.2
Update 67/122, T 278528, FPS 149, 50-training-episode: mean/median 42.7/-2.0, min/max -8.7/99.7
Update 68/122, T 282624, FPS 149, 50-training-episode: mean/median 38.9/-2.0, min/max -7.2/99.0
Update 69/122, T 286720, FPS 149, 50-training-episode: mean/median 34.8/-2.1, min/max -6.4/99.4
Update 70/122, T 290816, FPS 149, 50-training-episode: mean/median 42.5/-1.6, min/max -8.6/107.7
Update 71/122, T 294912, FPS 149, 50-training-episode: mean/median 29.0/-2.6, min/max -8.0/108.9
Update 72/122, T 299008, FPS 149, 50-training-episode: mean/median 32.8/-2.8, min/max -7.6/108.9
Update 73/122, T 303104, FPS 149, 50-training-episode: mean/median 40.2/-1.9, min/max -7.8/98.6
Update 74/122, T 307200, FPS 149, 50-training-episode: mean/median 43.9/-1.9, min/max -8.1/99.4
Update 75/122, T 311296, FPS 149, 50-training-episode: mean/median 34.2/-2.3, min/max -8.1/99.3
Update 76/122, T 315392, FPS 150, 50-training-episode: mean/median 36.2/-2.6, min/max -8.2/99.3
Update 77/122, T 319488, FPS 150, 50-training-episode: mean/median 46.1/46.2, min/max -8.2/99.4
Update 78/122, T 323584, FPS 150, 50-training-episode: mean/median 42.7/-1.5, min/max -6.0/99.7
Update 79/122, T 327680, FPS 150, 50-training-episode: mean/median 48.6/95.2, min/max -7.5/99.7
Update 80/122, T 331776, FPS 150, 50-training-episode: mean/median 42.4/-2.3, min/max -8.0/99.5
Update 81/122, T 335872, FPS 150, 50-training-episode: mean/median 52.5/95.8, min/max -8.0/99.5
Update 82/122, T 339968, FPS 150, 50-training-episode: mean/median 56.6/96.1, min/max -6.3/99.3
Update 83/122, T 344064, FPS 150, 50-training-episode: mean/median 46.8/50.6, min/max -7.6/99.0
Update 84/122, T 348160, FPS 150, 50-training-episode: mean/median 42.7/-2.0, min/max -7.6/108.0
Update 85/122, T 352256, FPS 150, 50-training-episode: mean/median 48.6/95.6, min/max -8.8/107.6
Update 86/122, T 356352, FPS 150, 50-training-episode: mean/median 40.4/-1.9, min/max -8.8/99.2
Update 87/122, T 360448, FPS 150, 50-training-episode: mean/median 42.8/-1.8, min/max -7.9/100.0
Update 88/122, T 364544, FPS 150, 50-training-episode: mean/median 56.5/96.8, min/max -8.2/100.0
Update 89/122, T 368640, FPS 150, 50-training-episode: mean/median 50.5/95.7, min/max -8.2/106.6
Update 90/122, T 372736, FPS 150, 50-training-episode: mean/median 50.6/95.6, min/max -8.1/99.8
Update 91/122, T 376832, FPS 150, 50-training-episode: mean/median 53.0/96.0, min/max -6.3/99.4
Update 92/122, T 380928, FPS 150, 50-training-episode: mean/median 44.9/-1.8, min/max -6.9/99.6
Update 93/122, T 385024, FPS 150, 50-training-episode: mean/median 42.6/-2.6, min/max -7.0/99.5
Update 94/122, T 389120, FPS 150, 50-training-episode: mean/median 40.4/-2.4, min/max -8.0/99.3
Update 95/122, T 393216, FPS 150, 50-training-episode: mean/median 42.7/-2.0, min/max -8.6/99.2
Update 96/122, T 397312, FPS 150, 50-training-episode: mean/median 48.8/95.1, min/max -7.6/109.4
Update 97/122, T 401408, FPS 150, 50-training-episode: mean/median 46.8/46.2, min/max -6.8/99.5
Update 98/122, T 405504, FPS 150, 50-training-episode: mean/median 48.4/94.5, min/max -7.6/99.2
Update 99/122, T 409600, FPS 150, 50-training-episode: mean/median 62.7/96.5, min/max -7.5/99.0
Saved ./trained_models/ExptWalking20250730/plume_walk-v3_20250730_VRNN_constantx5b5constantx5b5_stepoobmetabolicturnfound_bx33.5_t1000000500000_q0.40.5_dmx0.80.8_dmn0.70.4_h64_wd0.00012_n2_walking_seed8215a5.pt
Saved ./trained_models/ExptWalking20250730/plume_walk-v3_20250730_VRNN_constantx5b5constantx5b5_stepoobmetabolicturnfound_bx33.5_t1000000500000_q0.40.5_dmx0.80.8_dmn0.70.4_h64_wd0.00012_n2_walking_seed8215a5.pt.best
Update 100/122, T 413696, FPS 150, 50-training-episode: mean/median 60.6/95.8, min/max -7.6/99.2
Update 101/122, T 417792, FPS 150, 50-training-episode: mean/median 50.8/95.2, min/max -7.3/99.8
Update 102/122, T 421888, FPS 150, 50-training-episode: mean/median 42.8/-1.8, min/max -7.5/105.4
Update 103/122, T 425984, FPS 150, 50-training-episode: mean/median 45.0/2.8, min/max -7.9/106.8
Update 104/122, T 430080, FPS 150, 50-training-episode: mean/median 46.3/46.3, min/max -7.9/98.9
Update 105/122, T 434176, FPS 150, 50-training-episode: mean/median 50.1/94.7, min/max -8.4/98.8
Update 106/122, T 438272, FPS 150, 50-training-episode: mean/median 65.2/96.2, min/max -7.5/109.5
Update 107/122, T 442368, FPS 149, 50-training-episode: mean/median 46.7/46.4, min/max -7.5/99.4
Update 108/122, T 446464, FPS 150, 50-training-episode: mean/median 61.2/96.3, min/max -7.9/99.5
Update 109/122, T 450560, FPS 150, 50-training-episode: mean/median 45.5/4.0, min/max -8.3/105.9
Update 110/122, T 454656, FPS 150, 50-training-episode: mean/median 59.4/95.9, min/max -6.7/109.4
Update 111/122, T 458752, FPS 150, 50-training-episode: mean/median 46.8/46.6, min/max -6.7/99.7
Update 112/122, T 462848, FPS 150, 50-training-episode: mean/median 38.7/-2.3, min/max -7.6/99.1
Update 113/122, T 466944, FPS 151, 50-training-episode: mean/median 53.2/96.0, min/max -7.5/107.5
Update 114/122, T 471040, FPS 151, 50-training-episode: mean/median 51.2/95.4, min/max -6.8/109.2
Update 115/122, T 475136, FPS 151, 50-training-episode: mean/median 67.1/96.7, min/max -7.5/109.2
Update 116/122, T 479232, FPS 151, 50-training-episode: mean/median 56.7/96.1, min/max -9.1/99.6
Update 117/122, T 483328, FPS 152, 50-training-episode: mean/median 54.9/96.2, min/max -7.6/99.4
Update 118/122, T 487424, FPS 152, 50-training-episode: mean/median 57.0/96.2, min/max -7.6/99.7
Update 119/122, T 491520, FPS 152, 50-training-episode: mean/median 48.9/94.9, min/max -7.2/107.1
Update 120/122, T 495616, FPS 152, 50-training-episode: mean/median 48.9/95.0, min/max -7.2/107.1
Saved ./trained_models/ExptWalking20250730/plume_walk-v3_20250730_VRNN_constantx5b5constantx5b5_stepoobmetabolicturnfound_bx33.5_t1000000500000_q0.40.5_dmx0.80.8_dmn0.70.4_h64_wd0.00012_n2_walking_seed8215a5.pt
Saved ./trained_models/ExptWalking20250730/plume_walk-v3_20250730_VRNN_constantx5b5constantx5b5_stepoobmetabolicturnfound_bx33.5_t1000000500000_q0.40.5_dmx0.80.8_dmn0.70.4_h64_wd0.00012_n2_walking_seed8215a5.pt.best
Update 121/122, T 499712, FPS 152, 50-training-episode: mean/median 59.1/96.8, min/max -7.2/99.4
Saved ./trained_models/ExptWalking20250730//plume_walk-v3_20250730_VRNN_constantx5b5constantx5b5_stepoobmetabolicturnfound_bx33.5_t1000000500000_q0.40.5_dmx0.80.8_dmn0.70.4_h64_wd0.00012_n2_walking_seed8215a5.pt
Starting evaluation
Evaluating on dataset: switch15x5b5
Using Precomputed Plume...
PlumeEnvironment: {'self': <plume_env.PlumeEnvironment object at 0x17bcfdeb0>, 't_val_min': 10.0, 'sim_steps_max': 2050, 'reset_offset_tmax': 30, 'dataset': 'switch15x5b5', 'move_capacity': 2.0, 'turn_capacity': 19.634954084936208, 'wind_obsx': 1.0, 'movex': 1.0, 'turnx': 1.0, 'birthx': 1.0, 'birthx_max': 1.0, 'env_dt': 0.04, 'loc_algo': 'uniform', 'qvar': 0.0, 'time_algo': 'uniform', 'angle_algo': 'uniform', 'homed_radius': 0.2, 'stray_max': 2.0, 'wind_rel': True, 'auto_movex': False, 'auto_reward': False, 'diff_max': 0.8, 'diff_min': 0.4, 'r_shaping': ['step', 'oob', 'metabolic', 'turn', 'found'], 'rewardx': 1.0, 'rescale': False, 'squash_action': True, 'walking': True, 'walk_move': 0.05, 'walk_turn': 3.14159, 'radiusx': 1.0, 'diffusion_min': 1.0, 'diffusion_max': 1.0, 'action_feedback': False, 'flipping': False, 'odor_scaling': True, 'obs_noise': 0.0, 'act_noise': 0.0, 'dynamic': False, 'seed': 8215, 'verbose': 0, '__class__': <class 'plume_env.PlumeEnvironment'>}
Squashing actions to 0-1
switch15x5b5
Exception: [Errno 2] No such file or directory: '/Users/aaravsinha/plume/plumedata//puff_data_switch15x5b5.pickle'
Traceback (most recent call last):
  File "/Users/aaravsinha/manyplume/oneplume/ppo/evalCli.py", line 271, in eval_loop
    env = make_vec_envs(
  File "/Users/aaravsinha/manyplume/oneplume/ppo/a2c_ppo_acktr/envs.py", line 132, in make_vec_envs
    envs = DummyVecEnv(envs)
  File "/opt/anaconda3/envs/py39/lib/python3.9/site-packages/stable_baselines3/common/vec_env/dummy_vec_env.py", line 26, in __init__
    self.envs = [fn() for fn in env_fns]
  File "/opt/anaconda3/envs/py39/lib/python3.9/site-packages/stable_baselines3/common/vec_env/dummy_vec_env.py", line 26, in <listcomp>
    self.envs = [fn() for fn in env_fns]
  File "/Users/aaravsinha/manyplume/oneplume/ppo/a2c_ppo_acktr/envs.py", line 34, in _thunk
    env = plume_env.PlumeEnvironment(
  File "/Users/aaravsinha/manyplume/oneplume/ppo/../plume_env.py", line 116, in __init__
    self.set_dataset(dataset)
  File "/Users/aaravsinha/manyplume/oneplume/ppo/../plume_env.py", line 205, in set_dataset
    self.data_puffs_all, self.data_wind_all = sim_analysis.load_plume(
  File "/Users/aaravsinha/manyplume/oneplume/ppo/../sim_analysis.py", line 173, in load_plume
    data_puffs = pandas.read_pickle(puff_filename)
  File "/opt/anaconda3/envs/py39/lib/python3.9/site-packages/pandas/io/pickle.py", line 185, in read_pickle
    with get_handle(
  File "/opt/anaconda3/envs/py39/lib/python3.9/site-packages/pandas/io/common.py", line 882, in get_handle
    handle = open(handle, ioargs.mode)
FileNotFoundError: [Errno 2] No such file or directory: '/Users/aaravsinha/plume/plumedata//puff_data_switch15x5b5.pickle'
Evaluating on dataset: switch30x5b5
Using Precomputed Plume...
PlumeEnvironment: {'self': <plume_env.PlumeEnvironment object at 0x17bcfdbb0>, 't_val_min': 10.0, 'sim_steps_max': 2050, 'reset_offset_tmax': 30, 'dataset': 'switch30x5b5', 'move_capacity': 2.0, 'turn_capacity': 19.634954084936208, 'wind_obsx': 1.0, 'movex': 1.0, 'turnx': 1.0, 'birthx': 1.0, 'birthx_max': 1.0, 'env_dt': 0.04, 'loc_algo': 'uniform', 'qvar': 0.0, 'time_algo': 'uniform', 'angle_algo': 'uniform', 'homed_radius': 0.2, 'stray_max': 2.0, 'wind_rel': True, 'auto_movex': False, 'auto_reward': False, 'diff_max': 0.8, 'diff_min': 0.4, 'r_shaping': ['step', 'oob', 'metabolic', 'turn', 'found'], 'rewardx': 1.0, 'rescale': False, 'squash_action': True, 'walking': True, 'walk_move': 0.05, 'walk_turn': 3.14159, 'radiusx': 1.0, 'diffusion_min': 1.0, 'diffusion_max': 1.0, 'action_feedback': False, 'flipping': False, 'odor_scaling': True, 'obs_noise': 0.0, 'act_noise': 0.0, 'dynamic': False, 'seed': 8215, 'verbose': 0, '__class__': <class 'plume_env.PlumeEnvironment'>}
Squashing actions to 0-1
switch30x5b5
Exception: [Errno 2] No such file or directory: '/Users/aaravsinha/plume/plumedata//puff_data_switch30x5b5.pickle'
Traceback (most recent call last):
  File "/Users/aaravsinha/manyplume/oneplume/ppo/evalCli.py", line 271, in eval_loop
    env = make_vec_envs(
  File "/Users/aaravsinha/manyplume/oneplume/ppo/a2c_ppo_acktr/envs.py", line 132, in make_vec_envs
    envs = DummyVecEnv(envs)
  File "/opt/anaconda3/envs/py39/lib/python3.9/site-packages/stable_baselines3/common/vec_env/dummy_vec_env.py", line 26, in __init__
    self.envs = [fn() for fn in env_fns]
  File "/opt/anaconda3/envs/py39/lib/python3.9/site-packages/stable_baselines3/common/vec_env/dummy_vec_env.py", line 26, in <listcomp>
    self.envs = [fn() for fn in env_fns]
  File "/Users/aaravsinha/manyplume/oneplume/ppo/a2c_ppo_acktr/envs.py", line 34, in _thunk
    env = plume_env.PlumeEnvironment(
  File "/Users/aaravsinha/manyplume/oneplume/ppo/../plume_env.py", line 116, in __init__
    self.set_dataset(dataset)
  File "/Users/aaravsinha/manyplume/oneplume/ppo/../plume_env.py", line 205, in set_dataset
    self.data_puffs_all, self.data_wind_all = sim_analysis.load_plume(
  File "/Users/aaravsinha/manyplume/oneplume/ppo/../sim_analysis.py", line 173, in load_plume
    data_puffs = pandas.read_pickle(puff_filename)
  File "/opt/anaconda3/envs/py39/lib/python3.9/site-packages/pandas/io/pickle.py", line 185, in read_pickle
    with get_handle(
  File "/opt/anaconda3/envs/py39/lib/python3.9/site-packages/pandas/io/common.py", line 882, in get_handle
    handle = open(handle, ioargs.mode)
FileNotFoundError: [Errno 2] No such file or directory: '/Users/aaravsinha/plume/plumedata//puff_data_switch30x5b5.pickle'
Evaluating on dataset: switch45x5b5
Using Precomputed Plume...
PlumeEnvironment: {'self': <plume_env.PlumeEnvironment object at 0x17bd0ea60>, 't_val_min': 10.0, 'sim_steps_max': 2050, 'reset_offset_tmax': 30, 'dataset': 'switch45x5b5', 'move_capacity': 2.0, 'turn_capacity': 19.634954084936208, 'wind_obsx': 1.0, 'movex': 1.0, 'turnx': 1.0, 'birthx': 1.0, 'birthx_max': 1.0, 'env_dt': 0.04, 'loc_algo': 'uniform', 'qvar': 0.0, 'time_algo': 'uniform', 'angle_algo': 'uniform', 'homed_radius': 0.2, 'stray_max': 2.0, 'wind_rel': True, 'auto_movex': False, 'auto_reward': False, 'diff_max': 0.8, 'diff_min': 0.4, 'r_shaping': ['step', 'oob', 'metabolic', 'turn', 'found'], 'rewardx': 1.0, 'rescale': False, 'squash_action': True, 'walking': True, 'walk_move': 0.05, 'walk_turn': 3.14159, 'radiusx': 1.0, 'diffusion_min': 1.0, 'diffusion_max': 1.0, 'action_feedback': False, 'flipping': False, 'odor_scaling': True, 'obs_noise': 0.0, 'act_noise': 0.0, 'dynamic': False, 'seed': 8215, 'verbose': 0, '__class__': <class 'plume_env.PlumeEnvironment'>}
Squashing actions to 0-1
switch45x5b5
Exception: [Errno 2] No such file or directory: '/Users/aaravsinha/plume/plumedata//puff_data_switch45x5b5.pickle'
Traceback (most recent call last):
  File "/Users/aaravsinha/manyplume/oneplume/ppo/evalCli.py", line 271, in eval_loop
    env = make_vec_envs(
  File "/Users/aaravsinha/manyplume/oneplume/ppo/a2c_ppo_acktr/envs.py", line 132, in make_vec_envs
    envs = DummyVecEnv(envs)
  File "/opt/anaconda3/envs/py39/lib/python3.9/site-packages/stable_baselines3/common/vec_env/dummy_vec_env.py", line 26, in __init__
    self.envs = [fn() for fn in env_fns]
  File "/opt/anaconda3/envs/py39/lib/python3.9/site-packages/stable_baselines3/common/vec_env/dummy_vec_env.py", line 26, in <listcomp>
    self.envs = [fn() for fn in env_fns]
  File "/Users/aaravsinha/manyplume/oneplume/ppo/a2c_ppo_acktr/envs.py", line 34, in _thunk
    env = plume_env.PlumeEnvironment(
  File "/Users/aaravsinha/manyplume/oneplume/ppo/../plume_env.py", line 116, in __init__
    self.set_dataset(dataset)
  File "/Users/aaravsinha/manyplume/oneplume/ppo/../plume_env.py", line 205, in set_dataset
    self.data_puffs_all, self.data_wind_all = sim_analysis.load_plume(
  File "/Users/aaravsinha/manyplume/oneplume/ppo/../sim_analysis.py", line 173, in load_plume
    data_puffs = pandas.read_pickle(puff_filename)
  File "/opt/anaconda3/envs/py39/lib/python3.9/site-packages/pandas/io/pickle.py", line 185, in read_pickle
    with get_handle(
  File "/opt/anaconda3/envs/py39/lib/python3.9/site-packages/pandas/io/common.py", line 882, in get_handle
    handle = open(handle, ioargs.mode)
FileNotFoundError: [Errno 2] No such file or directory: '/Users/aaravsinha/plume/plumedata//puff_data_switch45x5b5.pickle'
Evaluating on dataset: constantx5b5
Using Precomputed Plume...
PlumeEnvironment: {'self': <plume_env.PlumeEnvironment object at 0x17bcfdca0>, 't_val_min': 10.0, 'sim_steps_max': 2050, 'reset_offset_tmax': 30, 'dataset': 'constantx5b5', 'move_capacity': 2.0, 'turn_capacity': 19.634954084936208, 'wind_obsx': 1.0, 'movex': 1.0, 'turnx': 1.0, 'birthx': 1.0, 'birthx_max': 1.0, 'env_dt': 0.04, 'loc_algo': 'uniform', 'qvar': 0.0, 'time_algo': 'uniform', 'angle_algo': 'uniform', 'homed_radius': 0.2, 'stray_max': 2.0, 'wind_rel': True, 'auto_movex': False, 'auto_reward': False, 'diff_max': 0.8, 'diff_min': 0.4, 'r_shaping': ['step', 'oob', 'metabolic', 'turn', 'found'], 'rewardx': 1.0, 'rescale': False, 'squash_action': True, 'walking': True, 'walk_move': 0.05, 'walk_turn': 3.14159, 'radiusx': 1.0, 'diffusion_min': 1.0, 'diffusion_max': 1.0, 'action_feedback': False, 'flipping': False, 'odor_scaling': True, 'obs_noise': 0.0, 'act_noise': 0.0, 'dynamic': False, 'seed': 8215, 'verbose': 0, '__class__': <class 'plume_env.PlumeEnvironment'>}
Squashing actions to 0-1
constantx5b5
wind: t_val_diff 0.03999999999999915 env_dt 0.04
puffs: t_val_diff 0.03999999999999915 env_dt 0.04
Reward Shaping ['step', 'oob', 'metabolic', 'turn', 'found']
Using fixed evaluation sequence [time, angle, loc_y]... (240 episodes) 
Episode: 0, reward_sum: -10.0, Steps: 1, Reason: OOB
Episode: 1, reward_sum: -10.0, Steps: 1, Reason: OOB
Episode: 2, reward_sum: -10.0, Steps: 1, Reason: OOB
Episode: 3, reward_sum: -10.0, Steps: 1, Reason: OOB
Episode: 4, reward_sum: -10.0, Steps: 1, Reason: OOB
Episode: 5, reward_sum: -10.0, Steps: 1, Reason: OOB
Episode: 6, reward_sum: -10.0, Steps: 1, Reason: OOB
Episode: 7, reward_sum: -10.0, Steps: 1, Reason: OOB
Episode: 8, reward_sum: -10.0, Steps: 1, Reason: OOB
Episode: 9, reward_sum: -10.0, Steps: 1, Reason: OOB
Episode: 10, reward_sum: -10.0, Steps: 1, Reason: OOB
Episode: 11, reward_sum: -10.0, Steps: 1, Reason: OOB
Episode: 12, reward_sum: -10.0, Steps: 1, Reason: OOB
Episode: 13, reward_sum: -10.0, Steps: 1, Reason: OOB
Episode: 14, reward_sum: -10.0, Steps: 1, Reason: OOB
Episode: 15, reward_sum: -10.0, Steps: 1, Reason: OOB
Episode: 16, reward_sum: -10.0, Steps: 1, Reason: OOB
Episode: 17, reward_sum: -10.0, Steps: 1, Reason: OOB
Episode: 18, reward_sum: -10.0, Steps: 1, Reason: OOB
Episode: 19, reward_sum: -10.0, Steps: 1, Reason: OOB
Episode: 20, reward_sum: -10.0, Steps: 1, Reason: OOB
Episode: 21, reward_sum: -10.0, Steps: 1, Reason: OOB
Episode: 22, reward_sum: -10.0, Steps: 1, Reason: OOB
Episode: 23, reward_sum: -10.0, Steps: 1, Reason: OOB
Episode: 24, reward_sum: -10.0, Steps: 1, Reason: OOB
Episode: 25, reward_sum: -10.0, Steps: 1, Reason: OOB
Episode: 26, reward_sum: -10.0, Steps: 1, Reason: OOB
Episode: 27, reward_sum: -10.0, Steps: 1, Reason: OOB
Episode: 28, reward_sum: -10.0, Steps: 1, Reason: OOB
Episode: 29, reward_sum: -10.0, Steps: 1, Reason: OOB
Episode: 30, reward_sum: -10.0, Steps: 1, Reason: OOB
Episode: 31, reward_sum: -10.0, Steps: 1, Reason: OOB
Episode: 32, reward_sum: -10.0, Steps: 1, Reason: OOB
Episode: 33, reward_sum: -10.0, Steps: 1, Reason: OOB
Episode: 34, reward_sum: -10.0, Steps: 1, Reason: OOB
Episode: 35, reward_sum: -10.0, Steps: 1, Reason: OOB
Episode: 36, reward_sum: -10.0, Steps: 1, Reason: OOB
Episode: 37, reward_sum: -10.0, Steps: 1, Reason: OOB
Episode: 38, reward_sum: -10.0, Steps: 1, Reason: OOB
Episode: 39, reward_sum: -10.0, Steps: 1, Reason: OOB
Exception: name 'nan' is not defined
Traceback (most recent call last):
  File "/opt/anaconda3/envs/py39/lib/python3.9/site-packages/pandas/core/computation/scope.py", line 231, in resolve
    return self.resolvers[key]
  File "/opt/anaconda3/envs/py39/lib/python3.9/collections/__init__.py", line 941, in __getitem__
    return self.__missing__(key)            # support subclasses that define __missing__
  File "/opt/anaconda3/envs/py39/lib/python3.9/collections/__init__.py", line 933, in __missing__
    raise KeyError(key)
KeyError: 'nan'

During handling of the above exception, another exception occurred:

Traceback (most recent call last):
  File "/opt/anaconda3/envs/py39/lib/python3.9/site-packages/pandas/core/computation/scope.py", line 242, in resolve
    return self.temps[key]
KeyError: 'nan'

The above exception was the direct cause of the following exception:

Traceback (most recent call last):
  File "/Users/aaravsinha/manyplume/oneplume/ppo/evalCli.py", line 289, in eval_loop
    episode_logs, episode_summaries = evaluate_agent(actor_critic, env, args)
  File "/Users/aaravsinha/manyplume/oneplume/ppo/evalCli.py", line 180, in evaluate_agent
    obs = env.reset()
  File "/Users/aaravsinha/manyplume/oneplume/ppo/a2c_ppo_acktr/envs.py", line 208, in reset
    obs = self.venv.reset()
  File "/opt/anaconda3/envs/py39/lib/python3.9/site-packages/stable_baselines3/common/vec_env/vec_normalize.py", line 284, in reset
    obs = self.venv.reset()
  File "/opt/anaconda3/envs/py39/lib/python3.9/site-packages/stable_baselines3/common/vec_env/dummy_vec_env.py", line 74, in reset
    obs = self.envs[env_idx].reset()
  File "/Users/aaravsinha/manyplume/oneplume/ppo/../plume_env.py", line 448, in reset
    observation = self.sense_environment()
  File "/Users/aaravsinha/manyplume/oneplume/ppo/../plume_env.py", line 269, in sense_environment
    odor_observation = sim_analysis.get_concentration_at_tidx(
  File "/Users/aaravsinha/manyplume/oneplume/ppo/../sim_analysis.py", line 263, in get_concentration_at_tidx
    d = data[data.tidx==tidx].query(q)
  File "/opt/anaconda3/envs/py39/lib/python3.9/site-packages/pandas/core/frame.py", line 4828, in query
    res = self.eval(expr, **kwargs)
  File "/opt/anaconda3/envs/py39/lib/python3.9/site-packages/pandas/core/frame.py", line 4954, in eval
    return _eval(expr, inplace=inplace, **kwargs)
  File "/opt/anaconda3/envs/py39/lib/python3.9/site-packages/pandas/core/computation/eval.py", line 339, in eval
    parsed_expr = Expr(expr, engine=engine, parser=parser, env=env)
  File "/opt/anaconda3/envs/py39/lib/python3.9/site-packages/pandas/core/computation/expr.py", line 809, in __init__
    self.terms = self.parse()
  File "/opt/anaconda3/envs/py39/lib/python3.9/site-packages/pandas/core/computation/expr.py", line 828, in parse
    return self._visitor.visit(self.expr)
  File "/opt/anaconda3/envs/py39/lib/python3.9/site-packages/pandas/core/computation/expr.py", line 413, in visit
    return visitor(node, **kwargs)
  File "/opt/anaconda3/envs/py39/lib/python3.9/site-packages/pandas/core/computation/expr.py", line 419, in visit_Module
    return self.visit(expr, **kwargs)
  File "/opt/anaconda3/envs/py39/lib/python3.9/site-packages/pandas/core/computation/expr.py", line 413, in visit
    return visitor(node, **kwargs)
  File "/opt/anaconda3/envs/py39/lib/python3.9/site-packages/pandas/core/computation/expr.py", line 422, in visit_Expr
    return self.visit(node.value, **kwargs)
  File "/opt/anaconda3/envs/py39/lib/python3.9/site-packages/pandas/core/computation/expr.py", line 413, in visit
    return visitor(node, **kwargs)
  File "/opt/anaconda3/envs/py39/lib/python3.9/site-packages/pandas/core/computation/expr.py", line 746, in visit_BoolOp
    return reduce(visitor, operands)
  File "/opt/anaconda3/envs/py39/lib/python3.9/site-packages/pandas/core/computation/expr.py", line 740, in visitor
    rhs = self._try_visit_binop(y)
  File "/opt/anaconda3/envs/py39/lib/python3.9/site-packages/pandas/core/computation/expr.py", line 735, in _try_visit_binop
    return self.visit(bop)
  File "/opt/anaconda3/envs/py39/lib/python3.9/site-packages/pandas/core/computation/expr.py", line 413, in visit
    return visitor(node, **kwargs)
  File "/opt/anaconda3/envs/py39/lib/python3.9/site-packages/pandas/core/computation/expr.py", line 719, in visit_Compare
    return self.visit(binop)
  File "/opt/anaconda3/envs/py39/lib/python3.9/site-packages/pandas/core/computation/expr.py", line 413, in visit
    return visitor(node, **kwargs)
  File "/opt/anaconda3/envs/py39/lib/python3.9/site-packages/pandas/core/computation/expr.py", line 535, in visit_BinOp
    op, op_class, left, right = self._maybe_transform_eq_ne(node)
  File "/opt/anaconda3/envs/py39/lib/python3.9/site-packages/pandas/core/computation/expr.py", line 453, in _maybe_transform_eq_ne
    left = self.visit(node.left, side="left")
  File "/opt/anaconda3/envs/py39/lib/python3.9/site-packages/pandas/core/computation/expr.py", line 413, in visit
    return visitor(node, **kwargs)
  File "/opt/anaconda3/envs/py39/lib/python3.9/site-packages/pandas/core/computation/expr.py", line 545, in visit_Name
    return self.term_type(node.id, self.env, **kwargs)
  File "/opt/anaconda3/envs/py39/lib/python3.9/site-packages/pandas/core/computation/ops.py", line 91, in __init__
    self._value = self._resolve_name()
  File "/opt/anaconda3/envs/py39/lib/python3.9/site-packages/pandas/core/computation/ops.py", line 115, in _resolve_name
    res = self.env.resolve(local_name, is_local=is_local)
  File "/opt/anaconda3/envs/py39/lib/python3.9/site-packages/pandas/core/computation/scope.py", line 244, in resolve
    raise UndefinedVariableError(key, is_local) from err
pandas.errors.UndefinedVariableError: name 'nan' is not defined
Sparse/birthx: 0.8
Using Precomputed Plume...
PlumeEnvironment: {'self': <plume_env.PlumeEnvironment object at 0x17bd22a90>, 't_val_min': 10.0, 'sim_steps_max': 2050, 'reset_offset_tmax': 30, 'dataset': 'constantx5b5', 'move_capacity': 2.0, 'turn_capacity': 19.634954084936208, 'wind_obsx': 1.0, 'movex': 1, 'turnx': 1.0, 'birthx': 1.0, 'birthx_max': 0.8, 'env_dt': 0.04, 'loc_algo': 'quantile', 'qvar': 0.0, 'time_algo': 'uniform', 'angle_algo': 'uniform', 'homed_radius': 0.2, 'stray_max': 2.0, 'wind_rel': True, 'auto_movex': False, 'auto_reward': False, 'diff_max': 0.8, 'diff_min': 0.4, 'r_shaping': ['step', 'oob', 'metabolic', 'turn', 'found'], 'rewardx': 1.0, 'rescale': False, 'squash_action': True, 'walking': True, 'walk_move': 0.05, 'walk_turn': 3.14159, 'radiusx': 1.0, 'diffusion_min': 1.0, 'diffusion_max': 1.0, 'action_feedback': False, 'flipping': False, 'odor_scaling': True, 'obs_noise': 0.0, 'act_noise': 0.0, 'dynamic': False, 'seed': 8215, 'verbose': 0, '__class__': <class 'plume_env.PlumeEnvironment'>}
Squashing actions to 0-1
constantx5b5
Sparsifying puffs to 0.8x
wind: t_val_diff 0.03999999999999915 env_dt 0.04
puffs: t_val_diff 0.03999999999999915 env_dt 0.04
Reward Shaping ['step', 'oob', 'metabolic', 'turn', 'found']
Using fixed evaluation sequence [time, angle, loc_y]... (240 episodes) 
Exception: name 'nan' is not defined
Traceback (most recent call last):
  File "/opt/anaconda3/envs/py39/lib/python3.9/site-packages/pandas/core/computation/scope.py", line 231, in resolve
    return self.resolvers[key]
  File "/opt/anaconda3/envs/py39/lib/python3.9/collections/__init__.py", line 941, in __getitem__
    return self.__missing__(key)            # support subclasses that define __missing__
  File "/opt/anaconda3/envs/py39/lib/python3.9/collections/__init__.py", line 933, in __missing__
    raise KeyError(key)
KeyError: 'nan'

During handling of the above exception, another exception occurred:

Traceback (most recent call last):
  File "/opt/anaconda3/envs/py39/lib/python3.9/site-packages/pandas/core/computation/scope.py", line 242, in resolve
    return self.temps[key]
KeyError: 'nan'

The above exception was the direct cause of the following exception:

Traceback (most recent call last):
  File "/Users/aaravsinha/manyplume/oneplume/ppo/evalCli.py", line 363, in eval_loop
    episode_logs, episode_summaries = evaluate_agent(actor_critic, env, args)
  File "/Users/aaravsinha/manyplume/oneplume/ppo/evalCli.py", line 180, in evaluate_agent
    obs = env.reset()
  File "/Users/aaravsinha/manyplume/oneplume/ppo/a2c_ppo_acktr/envs.py", line 208, in reset
    obs = self.venv.reset()
  File "/opt/anaconda3/envs/py39/lib/python3.9/site-packages/stable_baselines3/common/vec_env/vec_normalize.py", line 284, in reset
    obs = self.venv.reset()
  File "/opt/anaconda3/envs/py39/lib/python3.9/site-packages/stable_baselines3/common/vec_env/dummy_vec_env.py", line 74, in reset
    obs = self.envs[env_idx].reset()
  File "/Users/aaravsinha/manyplume/oneplume/ppo/../plume_env.py", line 448, in reset
    observation = self.sense_environment()
  File "/Users/aaravsinha/manyplume/oneplume/ppo/../plume_env.py", line 269, in sense_environment
    odor_observation = sim_analysis.get_concentration_at_tidx(
  File "/Users/aaravsinha/manyplume/oneplume/ppo/../sim_analysis.py", line 263, in get_concentration_at_tidx
    d = data[data.tidx==tidx].query(q)
  File "/opt/anaconda3/envs/py39/lib/python3.9/site-packages/pandas/core/frame.py", line 4828, in query
    res = self.eval(expr, **kwargs)
  File "/opt/anaconda3/envs/py39/lib/python3.9/site-packages/pandas/core/frame.py", line 4954, in eval
    return _eval(expr, inplace=inplace, **kwargs)
  File "/opt/anaconda3/envs/py39/lib/python3.9/site-packages/pandas/core/computation/eval.py", line 339, in eval
    parsed_expr = Expr(expr, engine=engine, parser=parser, env=env)
  File "/opt/anaconda3/envs/py39/lib/python3.9/site-packages/pandas/core/computation/expr.py", line 809, in __init__
    self.terms = self.parse()
  File "/opt/anaconda3/envs/py39/lib/python3.9/site-packages/pandas/core/computation/expr.py", line 828, in parse
    return self._visitor.visit(self.expr)
  File "/opt/anaconda3/envs/py39/lib/python3.9/site-packages/pandas/core/computation/expr.py", line 413, in visit
    return visitor(node, **kwargs)
  File "/opt/anaconda3/envs/py39/lib/python3.9/site-packages/pandas/core/computation/expr.py", line 419, in visit_Module
    return self.visit(expr, **kwargs)
  File "/opt/anaconda3/envs/py39/lib/python3.9/site-packages/pandas/core/computation/expr.py", line 413, in visit
    return visitor(node, **kwargs)
  File "/opt/anaconda3/envs/py39/lib/python3.9/site-packages/pandas/core/computation/expr.py", line 422, in visit_Expr
    return self.visit(node.value, **kwargs)
  File "/opt/anaconda3/envs/py39/lib/python3.9/site-packages/pandas/core/computation/expr.py", line 413, in visit
    return visitor(node, **kwargs)
  File "/opt/anaconda3/envs/py39/lib/python3.9/site-packages/pandas/core/computation/expr.py", line 746, in visit_BoolOp
    return reduce(visitor, operands)
  File "/opt/anaconda3/envs/py39/lib/python3.9/site-packages/pandas/core/computation/expr.py", line 740, in visitor
    rhs = self._try_visit_binop(y)
  File "/opt/anaconda3/envs/py39/lib/python3.9/site-packages/pandas/core/computation/expr.py", line 735, in _try_visit_binop
    return self.visit(bop)
  File "/opt/anaconda3/envs/py39/lib/python3.9/site-packages/pandas/core/computation/expr.py", line 413, in visit
    return visitor(node, **kwargs)
  File "/opt/anaconda3/envs/py39/lib/python3.9/site-packages/pandas/core/computation/expr.py", line 719, in visit_Compare
    return self.visit(binop)
  File "/opt/anaconda3/envs/py39/lib/python3.9/site-packages/pandas/core/computation/expr.py", line 413, in visit
    return visitor(node, **kwargs)
  File "/opt/anaconda3/envs/py39/lib/python3.9/site-packages/pandas/core/computation/expr.py", line 535, in visit_BinOp
    op, op_class, left, right = self._maybe_transform_eq_ne(node)
  File "/opt/anaconda3/envs/py39/lib/python3.9/site-packages/pandas/core/computation/expr.py", line 453, in _maybe_transform_eq_ne
    left = self.visit(node.left, side="left")
  File "/opt/anaconda3/envs/py39/lib/python3.9/site-packages/pandas/core/computation/expr.py", line 413, in visit
    return visitor(node, **kwargs)
  File "/opt/anaconda3/envs/py39/lib/python3.9/site-packages/pandas/core/computation/expr.py", line 545, in visit_Name
    return self.term_type(node.id, self.env, **kwargs)
  File "/opt/anaconda3/envs/py39/lib/python3.9/site-packages/pandas/core/computation/ops.py", line 91, in __init__
    self._value = self._resolve_name()
  File "/opt/anaconda3/envs/py39/lib/python3.9/site-packages/pandas/core/computation/ops.py", line 115, in _resolve_name
    res = self.env.resolve(local_name, is_local=is_local)
  File "/opt/anaconda3/envs/py39/lib/python3.9/site-packages/pandas/core/computation/scope.py", line 244, in resolve
    raise UndefinedVariableError(key, is_local) from err
pandas.errors.UndefinedVariableError: name 'nan' is not defined
Sparse/birthx: 0.6
Using Precomputed Plume...
PlumeEnvironment: {'self': <plume_env.PlumeEnvironment object at 0x10e49bd30>, 't_val_min': 10.0, 'sim_steps_max': 2050, 'reset_offset_tmax': 30, 'dataset': 'constantx5b5', 'move_capacity': 2.0, 'turn_capacity': 19.634954084936208, 'wind_obsx': 1.0, 'movex': 1, 'turnx': 1.0, 'birthx': 1.0, 'birthx_max': 0.6, 'env_dt': 0.04, 'loc_algo': 'quantile', 'qvar': 0.0, 'time_algo': 'uniform', 'angle_algo': 'uniform', 'homed_radius': 0.2, 'stray_max': 2.0, 'wind_rel': True, 'auto_movex': False, 'auto_reward': False, 'diff_max': 0.8, 'diff_min': 0.4, 'r_shaping': ['step', 'oob', 'metabolic', 'turn', 'found'], 'rewardx': 1.0, 'rescale': False, 'squash_action': True, 'walking': True, 'walk_move': 0.05, 'walk_turn': 3.14159, 'radiusx': 1.0, 'diffusion_min': 1.0, 'diffusion_max': 1.0, 'action_feedback': False, 'flipping': False, 'odor_scaling': True, 'obs_noise': 0.0, 'act_noise': 0.0, 'dynamic': False, 'seed': 8215, 'verbose': 0, '__class__': <class 'plume_env.PlumeEnvironment'>}
Squashing actions to 0-1
constantx5b5
Sparsifying puffs to 0.6x
wind: t_val_diff 0.03999999999999915 env_dt 0.04
puffs: t_val_diff 0.03999999999999915 env_dt 0.04
Reward Shaping ['step', 'oob', 'metabolic', 'turn', 'found']
Using fixed evaluation sequence [time, angle, loc_y]... (240 episodes) 
Exception: name 'nan' is not defined
Traceback (most recent call last):
  File "/opt/anaconda3/envs/py39/lib/python3.9/site-packages/pandas/core/computation/scope.py", line 231, in resolve
    return self.resolvers[key]
  File "/opt/anaconda3/envs/py39/lib/python3.9/collections/__init__.py", line 941, in __getitem__
    return self.__missing__(key)            # support subclasses that define __missing__
  File "/opt/anaconda3/envs/py39/lib/python3.9/collections/__init__.py", line 933, in __missing__
    raise KeyError(key)
KeyError: 'nan'

During handling of the above exception, another exception occurred:

Traceback (most recent call last):
  File "/opt/anaconda3/envs/py39/lib/python3.9/site-packages/pandas/core/computation/scope.py", line 242, in resolve
    return self.temps[key]
KeyError: 'nan'

The above exception was the direct cause of the following exception:

Traceback (most recent call last):
  File "/Users/aaravsinha/manyplume/oneplume/ppo/evalCli.py", line 363, in eval_loop
    episode_logs, episode_summaries = evaluate_agent(actor_critic, env, args)
  File "/Users/aaravsinha/manyplume/oneplume/ppo/evalCli.py", line 180, in evaluate_agent
    obs = env.reset()
  File "/Users/aaravsinha/manyplume/oneplume/ppo/a2c_ppo_acktr/envs.py", line 208, in reset
    obs = self.venv.reset()
  File "/opt/anaconda3/envs/py39/lib/python3.9/site-packages/stable_baselines3/common/vec_env/vec_normalize.py", line 284, in reset
    obs = self.venv.reset()
  File "/opt/anaconda3/envs/py39/lib/python3.9/site-packages/stable_baselines3/common/vec_env/dummy_vec_env.py", line 74, in reset
    obs = self.envs[env_idx].reset()
  File "/Users/aaravsinha/manyplume/oneplume/ppo/../plume_env.py", line 448, in reset
    observation = self.sense_environment()
  File "/Users/aaravsinha/manyplume/oneplume/ppo/../plume_env.py", line 269, in sense_environment
    odor_observation = sim_analysis.get_concentration_at_tidx(
  File "/Users/aaravsinha/manyplume/oneplume/ppo/../sim_analysis.py", line 263, in get_concentration_at_tidx
    d = data[data.tidx==tidx].query(q)
  File "/opt/anaconda3/envs/py39/lib/python3.9/site-packages/pandas/core/frame.py", line 4828, in query
    res = self.eval(expr, **kwargs)
  File "/opt/anaconda3/envs/py39/lib/python3.9/site-packages/pandas/core/frame.py", line 4954, in eval
    return _eval(expr, inplace=inplace, **kwargs)
  File "/opt/anaconda3/envs/py39/lib/python3.9/site-packages/pandas/core/computation/eval.py", line 339, in eval
    parsed_expr = Expr(expr, engine=engine, parser=parser, env=env)
  File "/opt/anaconda3/envs/py39/lib/python3.9/site-packages/pandas/core/computation/expr.py", line 809, in __init__
    self.terms = self.parse()
  File "/opt/anaconda3/envs/py39/lib/python3.9/site-packages/pandas/core/computation/expr.py", line 828, in parse
    return self._visitor.visit(self.expr)
  File "/opt/anaconda3/envs/py39/lib/python3.9/site-packages/pandas/core/computation/expr.py", line 413, in visit
    return visitor(node, **kwargs)
  File "/opt/anaconda3/envs/py39/lib/python3.9/site-packages/pandas/core/computation/expr.py", line 419, in visit_Module
    return self.visit(expr, **kwargs)
  File "/opt/anaconda3/envs/py39/lib/python3.9/site-packages/pandas/core/computation/expr.py", line 413, in visit
    return visitor(node, **kwargs)
  File "/opt/anaconda3/envs/py39/lib/python3.9/site-packages/pandas/core/computation/expr.py", line 422, in visit_Expr
    return self.visit(node.value, **kwargs)
  File "/opt/anaconda3/envs/py39/lib/python3.9/site-packages/pandas/core/computation/expr.py", line 413, in visit
    return visitor(node, **kwargs)
  File "/opt/anaconda3/envs/py39/lib/python3.9/site-packages/pandas/core/computation/expr.py", line 746, in visit_BoolOp
    return reduce(visitor, operands)
  File "/opt/anaconda3/envs/py39/lib/python3.9/site-packages/pandas/core/computation/expr.py", line 740, in visitor
    rhs = self._try_visit_binop(y)
  File "/opt/anaconda3/envs/py39/lib/python3.9/site-packages/pandas/core/computation/expr.py", line 735, in _try_visit_binop
    return self.visit(bop)
  File "/opt/anaconda3/envs/py39/lib/python3.9/site-packages/pandas/core/computation/expr.py", line 413, in visit
    return visitor(node, **kwargs)
  File "/opt/anaconda3/envs/py39/lib/python3.9/site-packages/pandas/core/computation/expr.py", line 719, in visit_Compare
    return self.visit(binop)
  File "/opt/anaconda3/envs/py39/lib/python3.9/site-packages/pandas/core/computation/expr.py", line 413, in visit
    return visitor(node, **kwargs)
  File "/opt/anaconda3/envs/py39/lib/python3.9/site-packages/pandas/core/computation/expr.py", line 535, in visit_BinOp
    op, op_class, left, right = self._maybe_transform_eq_ne(node)
  File "/opt/anaconda3/envs/py39/lib/python3.9/site-packages/pandas/core/computation/expr.py", line 453, in _maybe_transform_eq_ne
    left = self.visit(node.left, side="left")
  File "/opt/anaconda3/envs/py39/lib/python3.9/site-packages/pandas/core/computation/expr.py", line 413, in visit
    return visitor(node, **kwargs)
  File "/opt/anaconda3/envs/py39/lib/python3.9/site-packages/pandas/core/computation/expr.py", line 545, in visit_Name
    return self.term_type(node.id, self.env, **kwargs)
  File "/opt/anaconda3/envs/py39/lib/python3.9/site-packages/pandas/core/computation/ops.py", line 91, in __init__
    self._value = self._resolve_name()
  File "/opt/anaconda3/envs/py39/lib/python3.9/site-packages/pandas/core/computation/ops.py", line 115, in _resolve_name
    res = self.env.resolve(local_name, is_local=is_local)
  File "/opt/anaconda3/envs/py39/lib/python3.9/site-packages/pandas/core/computation/scope.py", line 244, in resolve
    raise UndefinedVariableError(key, is_local) from err
pandas.errors.UndefinedVariableError: name 'nan' is not defined
Sparse/birthx: 0.4
Using Precomputed Plume...
PlumeEnvironment: {'self': <plume_env.PlumeEnvironment object at 0x127a311c0>, 't_val_min': 10.0, 'sim_steps_max': 2050, 'reset_offset_tmax': 30, 'dataset': 'constantx5b5', 'move_capacity': 2.0, 'turn_capacity': 19.634954084936208, 'wind_obsx': 1.0, 'movex': 1, 'turnx': 1.0, 'birthx': 1.0, 'birthx_max': 0.4, 'env_dt': 0.04, 'loc_algo': 'quantile', 'qvar': 0.0, 'time_algo': 'uniform', 'angle_algo': 'uniform', 'homed_radius': 0.2, 'stray_max': 2.0, 'wind_rel': True, 'auto_movex': False, 'auto_reward': False, 'diff_max': 0.8, 'diff_min': 0.4, 'r_shaping': ['step', 'oob', 'metabolic', 'turn', 'found'], 'rewardx': 1.0, 'rescale': False, 'squash_action': True, 'walking': True, 'walk_move': 0.05, 'walk_turn': 3.14159, 'radiusx': 1.0, 'diffusion_min': 1.0, 'diffusion_max': 1.0, 'action_feedback': False, 'flipping': False, 'odor_scaling': True, 'obs_noise': 0.0, 'act_noise': 0.0, 'dynamic': False, 'seed': 8215, 'verbose': 0, '__class__': <class 'plume_env.PlumeEnvironment'>}
Squashing actions to 0-1
constantx5b5
Sparsifying puffs to 0.4x
wind: t_val_diff 0.03999999999999915 env_dt 0.04
puffs: t_val_diff 0.03999999999999915 env_dt 0.04
Reward Shaping ['step', 'oob', 'metabolic', 'turn', 'found']
Using fixed evaluation sequence [time, angle, loc_y]... (240 episodes) 
Episode: 0, reward_sum: -10.0, Steps: 1, Reason: OOB
Episode: 1, reward_sum: -10.0, Steps: 1, Reason: OOB
Episode: 2, reward_sum: -10.0, Steps: 1, Reason: OOB
Episode: 3, reward_sum: -10.0, Steps: 1, Reason: OOB
Episode: 4, reward_sum: -10.0, Steps: 1, Reason: OOB
Episode: 5, reward_sum: -10.0, Steps: 1, Reason: OOB
Episode: 6, reward_sum: -10.0, Steps: 1, Reason: OOB
Episode: 7, reward_sum: -10.0, Steps: 1, Reason: OOB
Episode: 8, reward_sum: -10.0, Steps: 1, Reason: OOB
Episode: 9, reward_sum: -10.0, Steps: 1, Reason: OOB
Episode: 10, reward_sum: -10.0, Steps: 1, Reason: OOB
Episode: 11, reward_sum: -10.0, Steps: 1, Reason: OOB
Episode: 12, reward_sum: -10.0, Steps: 1, Reason: OOB
Episode: 13, reward_sum: -10.0, Steps: 1, Reason: OOB
Episode: 14, reward_sum: -10.0, Steps: 1, Reason: OOB
Episode: 15, reward_sum: -10.0, Steps: 1, Reason: OOB
Episode: 16, reward_sum: -10.0, Steps: 1, Reason: OOB
Episode: 17, reward_sum: -10.0, Steps: 1, Reason: OOB
Episode: 18, reward_sum: -10.0, Steps: 1, Reason: OOB
Episode: 19, reward_sum: -10.0, Steps: 1, Reason: OOB
Episode: 20, reward_sum: -10.0, Steps: 1, Reason: OOB
Episode: 21, reward_sum: -10.0, Steps: 1, Reason: OOB
Episode: 22, reward_sum: -10.0, Steps: 1, Reason: OOB
Episode: 23, reward_sum: -10.0, Steps: 1, Reason: OOB
Episode: 24, reward_sum: -10.0, Steps: 1, Reason: OOB
Episode: 25, reward_sum: -10.0, Steps: 1, Reason: OOB
Episode: 26, reward_sum: -10.0, Steps: 1, Reason: OOB
Episode: 27, reward_sum: -10.0, Steps: 1, Reason: OOB
Episode: 28, reward_sum: -10.0, Steps: 1, Reason: OOB
Episode: 29, reward_sum: -10.0, Steps: 1, Reason: OOB
Episode: 30, reward_sum: -10.0, Steps: 1, Reason: OOB
Episode: 31, reward_sum: -10.0, Steps: 1, Reason: OOB
Episode: 32, reward_sum: -10.0, Steps: 1, Reason: OOB
Episode: 33, reward_sum: -10.0, Steps: 1, Reason: OOB
Episode: 34, reward_sum: -10.0, Steps: 1, Reason: OOB
Episode: 35, reward_sum: -10.0, Steps: 1, Reason: OOB
Episode: 36, reward_sum: -10.0, Steps: 1, Reason: OOB
Episode: 37, reward_sum: -10.0, Steps: 1, Reason: OOB
Episode: 38, reward_sum: -10.0, Steps: 1, Reason: OOB
Episode: 39, reward_sum: -10.0, Steps: 1, Reason: OOB
Exception: name 'nan' is not defined
Traceback (most recent call last):
  File "/opt/anaconda3/envs/py39/lib/python3.9/site-packages/pandas/core/computation/scope.py", line 231, in resolve
    return self.resolvers[key]
  File "/opt/anaconda3/envs/py39/lib/python3.9/collections/__init__.py", line 941, in __getitem__
    return self.__missing__(key)            # support subclasses that define __missing__
  File "/opt/anaconda3/envs/py39/lib/python3.9/collections/__init__.py", line 933, in __missing__
    raise KeyError(key)
KeyError: 'nan'

During handling of the above exception, another exception occurred:

Traceback (most recent call last):
  File "/opt/anaconda3/envs/py39/lib/python3.9/site-packages/pandas/core/computation/scope.py", line 242, in resolve
    return self.temps[key]
KeyError: 'nan'

The above exception was the direct cause of the following exception:

Traceback (most recent call last):
  File "/Users/aaravsinha/manyplume/oneplume/ppo/evalCli.py", line 363, in eval_loop
    episode_logs, episode_summaries = evaluate_agent(actor_critic, env, args)
  File "/Users/aaravsinha/manyplume/oneplume/ppo/evalCli.py", line 180, in evaluate_agent
    obs = env.reset()
  File "/Users/aaravsinha/manyplume/oneplume/ppo/a2c_ppo_acktr/envs.py", line 208, in reset
    obs = self.venv.reset()
  File "/opt/anaconda3/envs/py39/lib/python3.9/site-packages/stable_baselines3/common/vec_env/vec_normalize.py", line 284, in reset
    obs = self.venv.reset()
  File "/opt/anaconda3/envs/py39/lib/python3.9/site-packages/stable_baselines3/common/vec_env/dummy_vec_env.py", line 74, in reset
    obs = self.envs[env_idx].reset()
  File "/Users/aaravsinha/manyplume/oneplume/ppo/../plume_env.py", line 448, in reset
    observation = self.sense_environment()
  File "/Users/aaravsinha/manyplume/oneplume/ppo/../plume_env.py", line 269, in sense_environment
    odor_observation = sim_analysis.get_concentration_at_tidx(
  File "/Users/aaravsinha/manyplume/oneplume/ppo/../sim_analysis.py", line 263, in get_concentration_at_tidx
    d = data[data.tidx==tidx].query(q)
  File "/opt/anaconda3/envs/py39/lib/python3.9/site-packages/pandas/core/frame.py", line 4828, in query
    res = self.eval(expr, **kwargs)
  File "/opt/anaconda3/envs/py39/lib/python3.9/site-packages/pandas/core/frame.py", line 4954, in eval
    return _eval(expr, inplace=inplace, **kwargs)
  File "/opt/anaconda3/envs/py39/lib/python3.9/site-packages/pandas/core/computation/eval.py", line 339, in eval
    parsed_expr = Expr(expr, engine=engine, parser=parser, env=env)
  File "/opt/anaconda3/envs/py39/lib/python3.9/site-packages/pandas/core/computation/expr.py", line 809, in __init__
    self.terms = self.parse()
  File "/opt/anaconda3/envs/py39/lib/python3.9/site-packages/pandas/core/computation/expr.py", line 828, in parse
    return self._visitor.visit(self.expr)
  File "/opt/anaconda3/envs/py39/lib/python3.9/site-packages/pandas/core/computation/expr.py", line 413, in visit
    return visitor(node, **kwargs)
  File "/opt/anaconda3/envs/py39/lib/python3.9/site-packages/pandas/core/computation/expr.py", line 419, in visit_Module
    return self.visit(expr, **kwargs)
  File "/opt/anaconda3/envs/py39/lib/python3.9/site-packages/pandas/core/computation/expr.py", line 413, in visit
    return visitor(node, **kwargs)
  File "/opt/anaconda3/envs/py39/lib/python3.9/site-packages/pandas/core/computation/expr.py", line 422, in visit_Expr
    return self.visit(node.value, **kwargs)
  File "/opt/anaconda3/envs/py39/lib/python3.9/site-packages/pandas/core/computation/expr.py", line 413, in visit
    return visitor(node, **kwargs)
  File "/opt/anaconda3/envs/py39/lib/python3.9/site-packages/pandas/core/computation/expr.py", line 746, in visit_BoolOp
    return reduce(visitor, operands)
  File "/opt/anaconda3/envs/py39/lib/python3.9/site-packages/pandas/core/computation/expr.py", line 740, in visitor
    rhs = self._try_visit_binop(y)
  File "/opt/anaconda3/envs/py39/lib/python3.9/site-packages/pandas/core/computation/expr.py", line 735, in _try_visit_binop
    return self.visit(bop)
  File "/opt/anaconda3/envs/py39/lib/python3.9/site-packages/pandas/core/computation/expr.py", line 413, in visit
    return visitor(node, **kwargs)
  File "/opt/anaconda3/envs/py39/lib/python3.9/site-packages/pandas/core/computation/expr.py", line 719, in visit_Compare
    return self.visit(binop)
  File "/opt/anaconda3/envs/py39/lib/python3.9/site-packages/pandas/core/computation/expr.py", line 413, in visit
    return visitor(node, **kwargs)
  File "/opt/anaconda3/envs/py39/lib/python3.9/site-packages/pandas/core/computation/expr.py", line 535, in visit_BinOp
    op, op_class, left, right = self._maybe_transform_eq_ne(node)
  File "/opt/anaconda3/envs/py39/lib/python3.9/site-packages/pandas/core/computation/expr.py", line 453, in _maybe_transform_eq_ne
    left = self.visit(node.left, side="left")
  File "/opt/anaconda3/envs/py39/lib/python3.9/site-packages/pandas/core/computation/expr.py", line 413, in visit
    return visitor(node, **kwargs)
  File "/opt/anaconda3/envs/py39/lib/python3.9/site-packages/pandas/core/computation/expr.py", line 545, in visit_Name
    return self.term_type(node.id, self.env, **kwargs)
  File "/opt/anaconda3/envs/py39/lib/python3.9/site-packages/pandas/core/computation/ops.py", line 91, in __init__
    self._value = self._resolve_name()
  File "/opt/anaconda3/envs/py39/lib/python3.9/site-packages/pandas/core/computation/ops.py", line 115, in _resolve_name
    res = self.env.resolve(local_name, is_local=is_local)
  File "/opt/anaconda3/envs/py39/lib/python3.9/site-packages/pandas/core/computation/scope.py", line 244, in resolve
    raise UndefinedVariableError(key, is_local) from err
pandas.errors.UndefinedVariableError: name 'nan' is not defined
Sparse/birthx: 0.2
Using Precomputed Plume...
PlumeEnvironment: {'self': <plume_env.PlumeEnvironment object at 0x127a5e310>, 't_val_min': 10.0, 'sim_steps_max': 2050, 'reset_offset_tmax': 30, 'dataset': 'constantx5b5', 'move_capacity': 2.0, 'turn_capacity': 19.634954084936208, 'wind_obsx': 1.0, 'movex': 1, 'turnx': 1.0, 'birthx': 1.0, 'birthx_max': 0.2, 'env_dt': 0.04, 'loc_algo': 'quantile', 'qvar': 0.0, 'time_algo': 'uniform', 'angle_algo': 'uniform', 'homed_radius': 0.2, 'stray_max': 2.0, 'wind_rel': True, 'auto_movex': False, 'auto_reward': False, 'diff_max': 0.8, 'diff_min': 0.4, 'r_shaping': ['step', 'oob', 'metabolic', 'turn', 'found'], 'rewardx': 1.0, 'rescale': False, 'squash_action': True, 'walking': True, 'walk_move': 0.05, 'walk_turn': 3.14159, 'radiusx': 1.0, 'diffusion_min': 1.0, 'diffusion_max': 1.0, 'action_feedback': False, 'flipping': False, 'odor_scaling': True, 'obs_noise': 0.0, 'act_noise': 0.0, 'dynamic': False, 'seed': 8215, 'verbose': 0, '__class__': <class 'plume_env.PlumeEnvironment'>}
Squashing actions to 0-1
constantx5b5
Sparsifying puffs to 0.2x
wind: t_val_diff 0.03999999999999915 env_dt 0.04
puffs: t_val_diff 0.03999999999999915 env_dt 0.04
Reward Shaping ['step', 'oob', 'metabolic', 'turn', 'found']
Using fixed evaluation sequence [time, angle, loc_y]... (240 episodes) 
Episode: 0, reward_sum: -10.0, Steps: 1, Reason: OOB
Episode: 1, reward_sum: -10.0, Steps: 1, Reason: OOB
Episode: 2, reward_sum: -10.0, Steps: 1, Reason: OOB
Episode: 3, reward_sum: -10.0, Steps: 1, Reason: OOB
Episode: 4, reward_sum: -10.0, Steps: 1, Reason: OOB
Episode: 5, reward_sum: -10.0, Steps: 1, Reason: OOB
Episode: 6, reward_sum: -10.0, Steps: 1, Reason: OOB
Episode: 7, reward_sum: -10.0, Steps: 1, Reason: OOB
Episode: 8, reward_sum: -10.0, Steps: 1, Reason: OOB
Episode: 9, reward_sum: -10.0, Steps: 1, Reason: OOB
Episode: 10, reward_sum: -10.0, Steps: 1, Reason: OOB
Episode: 11, reward_sum: -10.0, Steps: 1, Reason: OOB
Episode: 12, reward_sum: -10.0, Steps: 1, Reason: OOB
Episode: 13, reward_sum: -10.0, Steps: 1, Reason: OOB
Episode: 14, reward_sum: -10.0, Steps: 1, Reason: OOB
Episode: 15, reward_sum: -10.0, Steps: 1, Reason: OOB
Episode: 16, reward_sum: -10.0, Steps: 1, Reason: OOB
Episode: 17, reward_sum: -10.0, Steps: 1, Reason: OOB
Episode: 18, reward_sum: -10.0, Steps: 1, Reason: OOB
Episode: 19, reward_sum: -10.0, Steps: 1, Reason: OOB
Episode: 20, reward_sum: -10.0, Steps: 1, Reason: OOB
Episode: 21, reward_sum: -10.0, Steps: 1, Reason: OOB
Episode: 22, reward_sum: -10.0, Steps: 1, Reason: OOB
Episode: 23, reward_sum: -10.0, Steps: 1, Reason: OOB
Episode: 24, reward_sum: -10.0, Steps: 1, Reason: OOB
Episode: 25, reward_sum: -10.0, Steps: 1, Reason: OOB
Episode: 26, reward_sum: -10.0, Steps: 1, Reason: OOB
Episode: 27, reward_sum: -10.0, Steps: 1, Reason: OOB
Episode: 28, reward_sum: -10.0, Steps: 1, Reason: OOB
Episode: 29, reward_sum: -10.0, Steps: 1, Reason: OOB
Episode: 30, reward_sum: -10.0, Steps: 1, Reason: OOB
Episode: 31, reward_sum: -10.0, Steps: 1, Reason: OOB
Episode: 32, reward_sum: -10.0, Steps: 1, Reason: OOB
Episode: 33, reward_sum: -10.0, Steps: 1, Reason: OOB
Episode: 34, reward_sum: -10.0, Steps: 1, Reason: OOB
Episode: 35, reward_sum: -10.0, Steps: 1, Reason: OOB
Episode: 36, reward_sum: -10.0, Steps: 1, Reason: OOB
Episode: 37, reward_sum: -10.0, Steps: 1, Reason: OOB
Episode: 38, reward_sum: -10.0, Steps: 1, Reason: OOB
Episode: 39, reward_sum: -10.0, Steps: 1, Reason: OOB
Exception: name 'nan' is not defined
Traceback (most recent call last):
  File "/opt/anaconda3/envs/py39/lib/python3.9/site-packages/pandas/core/computation/scope.py", line 231, in resolve
    return self.resolvers[key]
  File "/opt/anaconda3/envs/py39/lib/python3.9/collections/__init__.py", line 941, in __getitem__
    return self.__missing__(key)            # support subclasses that define __missing__
  File "/opt/anaconda3/envs/py39/lib/python3.9/collections/__init__.py", line 933, in __missing__
    raise KeyError(key)
KeyError: 'nan'

During handling of the above exception, another exception occurred:

Traceback (most recent call last):
  File "/opt/anaconda3/envs/py39/lib/python3.9/site-packages/pandas/core/computation/scope.py", line 242, in resolve
    return self.temps[key]
KeyError: 'nan'

The above exception was the direct cause of the following exception:

Traceback (most recent call last):
  File "/Users/aaravsinha/manyplume/oneplume/ppo/evalCli.py", line 363, in eval_loop
    episode_logs, episode_summaries = evaluate_agent(actor_critic, env, args)
  File "/Users/aaravsinha/manyplume/oneplume/ppo/evalCli.py", line 180, in evaluate_agent
    obs = env.reset()
  File "/Users/aaravsinha/manyplume/oneplume/ppo/a2c_ppo_acktr/envs.py", line 208, in reset
    obs = self.venv.reset()
  File "/opt/anaconda3/envs/py39/lib/python3.9/site-packages/stable_baselines3/common/vec_env/vec_normalize.py", line 284, in reset
    obs = self.venv.reset()
  File "/opt/anaconda3/envs/py39/lib/python3.9/site-packages/stable_baselines3/common/vec_env/dummy_vec_env.py", line 74, in reset
    obs = self.envs[env_idx].reset()
  File "/Users/aaravsinha/manyplume/oneplume/ppo/../plume_env.py", line 448, in reset
    observation = self.sense_environment()
  File "/Users/aaravsinha/manyplume/oneplume/ppo/../plume_env.py", line 269, in sense_environment
    odor_observation = sim_analysis.get_concentration_at_tidx(
  File "/Users/aaravsinha/manyplume/oneplume/ppo/../sim_analysis.py", line 263, in get_concentration_at_tidx
    d = data[data.tidx==tidx].query(q)
  File "/opt/anaconda3/envs/py39/lib/python3.9/site-packages/pandas/core/frame.py", line 4828, in query
    res = self.eval(expr, **kwargs)
  File "/opt/anaconda3/envs/py39/lib/python3.9/site-packages/pandas/core/frame.py", line 4954, in eval
    return _eval(expr, inplace=inplace, **kwargs)
  File "/opt/anaconda3/envs/py39/lib/python3.9/site-packages/pandas/core/computation/eval.py", line 339, in eval
    parsed_expr = Expr(expr, engine=engine, parser=parser, env=env)
  File "/opt/anaconda3/envs/py39/lib/python3.9/site-packages/pandas/core/computation/expr.py", line 809, in __init__
    self.terms = self.parse()
  File "/opt/anaconda3/envs/py39/lib/python3.9/site-packages/pandas/core/computation/expr.py", line 828, in parse
    return self._visitor.visit(self.expr)
  File "/opt/anaconda3/envs/py39/lib/python3.9/site-packages/pandas/core/computation/expr.py", line 413, in visit
    return visitor(node, **kwargs)
  File "/opt/anaconda3/envs/py39/lib/python3.9/site-packages/pandas/core/computation/expr.py", line 419, in visit_Module
    return self.visit(expr, **kwargs)
  File "/opt/anaconda3/envs/py39/lib/python3.9/site-packages/pandas/core/computation/expr.py", line 413, in visit
    return visitor(node, **kwargs)
  File "/opt/anaconda3/envs/py39/lib/python3.9/site-packages/pandas/core/computation/expr.py", line 422, in visit_Expr
    return self.visit(node.value, **kwargs)
  File "/opt/anaconda3/envs/py39/lib/python3.9/site-packages/pandas/core/computation/expr.py", line 413, in visit
    return visitor(node, **kwargs)
  File "/opt/anaconda3/envs/py39/lib/python3.9/site-packages/pandas/core/computation/expr.py", line 746, in visit_BoolOp
    return reduce(visitor, operands)
  File "/opt/anaconda3/envs/py39/lib/python3.9/site-packages/pandas/core/computation/expr.py", line 740, in visitor
    rhs = self._try_visit_binop(y)
  File "/opt/anaconda3/envs/py39/lib/python3.9/site-packages/pandas/core/computation/expr.py", line 735, in _try_visit_binop
    return self.visit(bop)
  File "/opt/anaconda3/envs/py39/lib/python3.9/site-packages/pandas/core/computation/expr.py", line 413, in visit
    return visitor(node, **kwargs)
  File "/opt/anaconda3/envs/py39/lib/python3.9/site-packages/pandas/core/computation/expr.py", line 719, in visit_Compare
    return self.visit(binop)
  File "/opt/anaconda3/envs/py39/lib/python3.9/site-packages/pandas/core/computation/expr.py", line 413, in visit
    return visitor(node, **kwargs)
  File "/opt/anaconda3/envs/py39/lib/python3.9/site-packages/pandas/core/computation/expr.py", line 535, in visit_BinOp
    op, op_class, left, right = self._maybe_transform_eq_ne(node)
  File "/opt/anaconda3/envs/py39/lib/python3.9/site-packages/pandas/core/computation/expr.py", line 453, in _maybe_transform_eq_ne
    left = self.visit(node.left, side="left")
  File "/opt/anaconda3/envs/py39/lib/python3.9/site-packages/pandas/core/computation/expr.py", line 413, in visit
    return visitor(node, **kwargs)
  File "/opt/anaconda3/envs/py39/lib/python3.9/site-packages/pandas/core/computation/expr.py", line 545, in visit_Name
    return self.term_type(node.id, self.env, **kwargs)
  File "/opt/anaconda3/envs/py39/lib/python3.9/site-packages/pandas/core/computation/ops.py", line 91, in __init__
    self._value = self._resolve_name()
  File "/opt/anaconda3/envs/py39/lib/python3.9/site-packages/pandas/core/computation/ops.py", line 115, in _resolve_name
    res = self.env.resolve(local_name, is_local=is_local)
  File "/opt/anaconda3/envs/py39/lib/python3.9/site-packages/pandas/core/computation/scope.py", line 244, in resolve
    raise UndefinedVariableError(key, is_local) from err
pandas.errors.UndefinedVariableError: name 'nan' is not defined
Evaluating on dataset: noisy3x5b5
Using Precomputed Plume...
PlumeEnvironment: {'self': <plume_env.PlumeEnvironment object at 0x127a5ec40>, 't_val_min': 10.0, 'sim_steps_max': 2050, 'reset_offset_tmax': 30, 'dataset': 'noisy3x5b5', 'move_capacity': 2.0, 'turn_capacity': 19.634954084936208, 'wind_obsx': 1.0, 'movex': 1, 'turnx': 1.0, 'birthx': 1.0, 'birthx_max': 0.2, 'env_dt': 0.04, 'loc_algo': 'quantile', 'qvar': 0.0, 'time_algo': 'uniform', 'angle_algo': 'uniform', 'homed_radius': 0.2, 'stray_max': 2.0, 'wind_rel': True, 'auto_movex': False, 'auto_reward': False, 'diff_max': 0.8, 'diff_min': 0.4, 'r_shaping': ['step', 'oob', 'metabolic', 'turn', 'found'], 'rewardx': 1.0, 'rescale': False, 'squash_action': True, 'walking': True, 'walk_move': 0.05, 'walk_turn': 3.14159, 'radiusx': 1.0, 'diffusion_min': 1.0, 'diffusion_max': 1.0, 'action_feedback': False, 'flipping': False, 'odor_scaling': True, 'obs_noise': 0.0, 'act_noise': 0.0, 'dynamic': False, 'seed': 8215, 'verbose': 0, '__class__': <class 'plume_env.PlumeEnvironment'>}
Squashing actions to 0-1
noisy3x5b5
Sparsifying puffs to 0.2x
wind: t_val_diff 0.03999999999999915 env_dt 0.04
puffs: t_val_diff 0.03999999999999915 env_dt 0.04
Reward Shaping ['step', 'oob', 'metabolic', 'turn', 'found']
Using fixed evaluation sequence [time, angle, loc_y]... (240 episodes) 
Episode: 0, reward_sum: -10.0, Steps: 1, Reason: OOB
Episode: 1, reward_sum: -10.0, Steps: 1, Reason: OOB
Episode: 2, reward_sum: -10.0, Steps: 1, Reason: OOB
Episode: 3, reward_sum: -10.0, Steps: 1, Reason: OOB
Episode: 4, reward_sum: -10.0, Steps: 1, Reason: OOB
Episode: 5, reward_sum: -10.0, Steps: 1, Reason: OOB
Episode: 6, reward_sum: -10.0, Steps: 1, Reason: OOB
Episode: 7, reward_sum: -10.0, Steps: 1, Reason: OOB
Episode: 8, reward_sum: -10.0, Steps: 1, Reason: OOB
Episode: 9, reward_sum: -10.0, Steps: 1, Reason: OOB
Episode: 10, reward_sum: -10.0, Steps: 1, Reason: OOB
Episode: 11, reward_sum: -10.0, Steps: 1, Reason: OOB
Episode: 12, reward_sum: -10.0, Steps: 1, Reason: OOB
Episode: 13, reward_sum: -10.0, Steps: 1, Reason: OOB
Episode: 14, reward_sum: -10.0, Steps: 1, Reason: OOB
Episode: 15, reward_sum: -10.0, Steps: 1, Reason: OOB
Episode: 16, reward_sum: -10.0, Steps: 1, Reason: OOB
Episode: 17, reward_sum: -10.0, Steps: 1, Reason: OOB
Episode: 18, reward_sum: -10.0, Steps: 1, Reason: OOB
Episode: 19, reward_sum: -10.0, Steps: 1, Reason: OOB
Episode: 20, reward_sum: -10.0, Steps: 1, Reason: OOB
Episode: 21, reward_sum: -10.0, Steps: 1, Reason: OOB
Episode: 22, reward_sum: -10.0, Steps: 1, Reason: OOB
Episode: 23, reward_sum: -10.0, Steps: 1, Reason: OOB
Episode: 24, reward_sum: -10.0, Steps: 1, Reason: OOB
Episode: 25, reward_sum: -10.0, Steps: 1, Reason: OOB
Episode: 26, reward_sum: -10.0, Steps: 1, Reason: OOB
Episode: 27, reward_sum: -10.0, Steps: 1, Reason: OOB
Episode: 28, reward_sum: -10.0, Steps: 1, Reason: OOB
Episode: 29, reward_sum: -10.0, Steps: 1, Reason: OOB
Episode: 30, reward_sum: -10.0, Steps: 1, Reason: OOB
Episode: 31, reward_sum: -10.0, Steps: 1, Reason: OOB
Episode: 32, reward_sum: -10.0, Steps: 1, Reason: OOB
Episode: 33, reward_sum: -10.0, Steps: 1, Reason: OOB
Episode: 34, reward_sum: -10.0, Steps: 1, Reason: OOB
Episode: 35, reward_sum: -10.0, Steps: 1, Reason: OOB
Episode: 36, reward_sum: -10.0, Steps: 1, Reason: OOB
Episode: 37, reward_sum: -10.0, Steps: 1, Reason: OOB
Episode: 38, reward_sum: -10.0, Steps: 1, Reason: OOB
Episode: 39, reward_sum: -10.0, Steps: 1, Reason: OOB
Exception: name 'nan' is not defined
Traceback (most recent call last):
  File "/opt/anaconda3/envs/py39/lib/python3.9/site-packages/pandas/core/computation/scope.py", line 231, in resolve
    return self.resolvers[key]
  File "/opt/anaconda3/envs/py39/lib/python3.9/collections/__init__.py", line 941, in __getitem__
    return self.__missing__(key)            # support subclasses that define __missing__
  File "/opt/anaconda3/envs/py39/lib/python3.9/collections/__init__.py", line 933, in __missing__
    raise KeyError(key)
KeyError: 'nan'

During handling of the above exception, another exception occurred:

Traceback (most recent call last):
  File "/opt/anaconda3/envs/py39/lib/python3.9/site-packages/pandas/core/computation/scope.py", line 242, in resolve
    return self.temps[key]
KeyError: 'nan'

The above exception was the direct cause of the following exception:

Traceback (most recent call last):
  File "/Users/aaravsinha/manyplume/oneplume/ppo/evalCli.py", line 289, in eval_loop
    episode_logs, episode_summaries = evaluate_agent(actor_critic, env, args)
  File "/Users/aaravsinha/manyplume/oneplume/ppo/evalCli.py", line 180, in evaluate_agent
    obs = env.reset()
  File "/Users/aaravsinha/manyplume/oneplume/ppo/a2c_ppo_acktr/envs.py", line 208, in reset
    obs = self.venv.reset()
  File "/opt/anaconda3/envs/py39/lib/python3.9/site-packages/stable_baselines3/common/vec_env/vec_normalize.py", line 284, in reset
    obs = self.venv.reset()
  File "/opt/anaconda3/envs/py39/lib/python3.9/site-packages/stable_baselines3/common/vec_env/dummy_vec_env.py", line 74, in reset
    obs = self.envs[env_idx].reset()
  File "/Users/aaravsinha/manyplume/oneplume/ppo/../plume_env.py", line 448, in reset
    observation = self.sense_environment()
  File "/Users/aaravsinha/manyplume/oneplume/ppo/../plume_env.py", line 269, in sense_environment
    odor_observation = sim_analysis.get_concentration_at_tidx(
  File "/Users/aaravsinha/manyplume/oneplume/ppo/../sim_analysis.py", line 263, in get_concentration_at_tidx
    d = data[data.tidx==tidx].query(q)
  File "/opt/anaconda3/envs/py39/lib/python3.9/site-packages/pandas/core/frame.py", line 4828, in query
    res = self.eval(expr, **kwargs)
  File "/opt/anaconda3/envs/py39/lib/python3.9/site-packages/pandas/core/frame.py", line 4954, in eval
    return _eval(expr, inplace=inplace, **kwargs)
  File "/opt/anaconda3/envs/py39/lib/python3.9/site-packages/pandas/core/computation/eval.py", line 339, in eval
    parsed_expr = Expr(expr, engine=engine, parser=parser, env=env)
  File "/opt/anaconda3/envs/py39/lib/python3.9/site-packages/pandas/core/computation/expr.py", line 809, in __init__
    self.terms = self.parse()
  File "/opt/anaconda3/envs/py39/lib/python3.9/site-packages/pandas/core/computation/expr.py", line 828, in parse
    return self._visitor.visit(self.expr)
  File "/opt/anaconda3/envs/py39/lib/python3.9/site-packages/pandas/core/computation/expr.py", line 413, in visit
    return visitor(node, **kwargs)
  File "/opt/anaconda3/envs/py39/lib/python3.9/site-packages/pandas/core/computation/expr.py", line 419, in visit_Module
    return self.visit(expr, **kwargs)
  File "/opt/anaconda3/envs/py39/lib/python3.9/site-packages/pandas/core/computation/expr.py", line 413, in visit
    return visitor(node, **kwargs)
  File "/opt/anaconda3/envs/py39/lib/python3.9/site-packages/pandas/core/computation/expr.py", line 422, in visit_Expr
    return self.visit(node.value, **kwargs)
  File "/opt/anaconda3/envs/py39/lib/python3.9/site-packages/pandas/core/computation/expr.py", line 413, in visit
    return visitor(node, **kwargs)
  File "/opt/anaconda3/envs/py39/lib/python3.9/site-packages/pandas/core/computation/expr.py", line 746, in visit_BoolOp
    return reduce(visitor, operands)
  File "/opt/anaconda3/envs/py39/lib/python3.9/site-packages/pandas/core/computation/expr.py", line 740, in visitor
    rhs = self._try_visit_binop(y)
  File "/opt/anaconda3/envs/py39/lib/python3.9/site-packages/pandas/core/computation/expr.py", line 735, in _try_visit_binop
    return self.visit(bop)
  File "/opt/anaconda3/envs/py39/lib/python3.9/site-packages/pandas/core/computation/expr.py", line 413, in visit
    return visitor(node, **kwargs)
  File "/opt/anaconda3/envs/py39/lib/python3.9/site-packages/pandas/core/computation/expr.py", line 719, in visit_Compare
    return self.visit(binop)
  File "/opt/anaconda3/envs/py39/lib/python3.9/site-packages/pandas/core/computation/expr.py", line 413, in visit
    return visitor(node, **kwargs)
  File "/opt/anaconda3/envs/py39/lib/python3.9/site-packages/pandas/core/computation/expr.py", line 535, in visit_BinOp
    op, op_class, left, right = self._maybe_transform_eq_ne(node)
  File "/opt/anaconda3/envs/py39/lib/python3.9/site-packages/pandas/core/computation/expr.py", line 453, in _maybe_transform_eq_ne
    left = self.visit(node.left, side="left")
  File "/opt/anaconda3/envs/py39/lib/python3.9/site-packages/pandas/core/computation/expr.py", line 413, in visit
    return visitor(node, **kwargs)
  File "/opt/anaconda3/envs/py39/lib/python3.9/site-packages/pandas/core/computation/expr.py", line 545, in visit_Name
    return self.term_type(node.id, self.env, **kwargs)
  File "/opt/anaconda3/envs/py39/lib/python3.9/site-packages/pandas/core/computation/ops.py", line 91, in __init__
    self._value = self._resolve_name()
  File "/opt/anaconda3/envs/py39/lib/python3.9/site-packages/pandas/core/computation/ops.py", line 115, in _resolve_name
    res = self.env.resolve(local_name, is_local=is_local)
  File "/opt/anaconda3/envs/py39/lib/python3.9/site-packages/pandas/core/computation/scope.py", line 244, in resolve
    raise UndefinedVariableError(key, is_local) from err
pandas.errors.UndefinedVariableError: name 'nan' is not defined
Evaluating on dataset: noisy6x5b5
Using Precomputed Plume...
PlumeEnvironment: {'self': <plume_env.PlumeEnvironment object at 0x10e4109d0>, 't_val_min': 10.0, 'sim_steps_max': 2050, 'reset_offset_tmax': 30, 'dataset': 'noisy6x5b5', 'move_capacity': 2.0, 'turn_capacity': 19.634954084936208, 'wind_obsx': 1.0, 'movex': 1, 'turnx': 1.0, 'birthx': 1.0, 'birthx_max': 0.2, 'env_dt': 0.04, 'loc_algo': 'quantile', 'qvar': 0.0, 'time_algo': 'uniform', 'angle_algo': 'uniform', 'homed_radius': 0.2, 'stray_max': 2.0, 'wind_rel': True, 'auto_movex': False, 'auto_reward': False, 'diff_max': 0.8, 'diff_min': 0.4, 'r_shaping': ['step', 'oob', 'metabolic', 'turn', 'found'], 'rewardx': 1.0, 'rescale': False, 'squash_action': True, 'walking': True, 'walk_move': 0.05, 'walk_turn': 3.14159, 'radiusx': 1.0, 'diffusion_min': 1.0, 'diffusion_max': 1.0, 'action_feedback': False, 'flipping': False, 'odor_scaling': True, 'obs_noise': 0.0, 'act_noise': 0.0, 'dynamic': False, 'seed': 8215, 'verbose': 0, '__class__': <class 'plume_env.PlumeEnvironment'>}
Squashing actions to 0-1
noisy6x5b5
Exception: [Errno 2] No such file or directory: '/Users/aaravsinha/plume/plumedata//puff_data_noisy6x5b5.pickle'
Traceback (most recent call last):
  File "/Users/aaravsinha/manyplume/oneplume/ppo/evalCli.py", line 271, in eval_loop
    env = make_vec_envs(
  File "/Users/aaravsinha/manyplume/oneplume/ppo/a2c_ppo_acktr/envs.py", line 132, in make_vec_envs
    envs = DummyVecEnv(envs)
  File "/opt/anaconda3/envs/py39/lib/python3.9/site-packages/stable_baselines3/common/vec_env/dummy_vec_env.py", line 26, in __init__
    self.envs = [fn() for fn in env_fns]
  File "/opt/anaconda3/envs/py39/lib/python3.9/site-packages/stable_baselines3/common/vec_env/dummy_vec_env.py", line 26, in <listcomp>
    self.envs = [fn() for fn in env_fns]
  File "/Users/aaravsinha/manyplume/oneplume/ppo/a2c_ppo_acktr/envs.py", line 34, in _thunk
    env = plume_env.PlumeEnvironment(
  File "/Users/aaravsinha/manyplume/oneplume/ppo/../plume_env.py", line 116, in __init__
    self.set_dataset(dataset)
  File "/Users/aaravsinha/manyplume/oneplume/ppo/../plume_env.py", line 205, in set_dataset
    self.data_puffs_all, self.data_wind_all = sim_analysis.load_plume(
  File "/Users/aaravsinha/manyplume/oneplume/ppo/../sim_analysis.py", line 173, in load_plume
    data_puffs = pandas.read_pickle(puff_filename)
  File "/opt/anaconda3/envs/py39/lib/python3.9/site-packages/pandas/io/pickle.py", line 185, in read_pickle
    with get_handle(
  File "/opt/anaconda3/envs/py39/lib/python3.9/site-packages/pandas/io/common.py", line 882, in get_handle
    handle = open(handle, ioargs.mode)
FileNotFoundError: [Errno 2] No such file or directory: '/Users/aaravsinha/plume/plumedata//puff_data_noisy6x5b5.pickle'
PlumeEnvironment: {'self': <plume_env.PlumeEnvironment object at 0x1034a3220>, 't_val_min': 10.0, 'sim_steps_max': 2050, 'reset_offset_tmax': 30, 'dataset': 'constantx5b5', 'move_capacity': 2.0, 'turn_capacity': 19.634954084936208, 'wind_obsx': 1.0, 'movex': 1.0, 'turnx': 1.0, 'birthx': 3.5, 'birthx_max': 1.0, 'env_dt': 0.04, 'loc_algo': 'uniform', 'qvar': 0.5, 'time_algo': 'uniform', 'angle_algo': 'uniform', 'homed_radius': 0.2, 'stray_max': 2.0, 'wind_rel': True, 'auto_movex': False, 'auto_reward': False, 'diff_max': 0.8, 'diff_min': 0.4, 'r_shaping': ['step', 'oob', 'metabolic', 'turn', 'found'], 'rewardx': 1.0, 'rescale': False, 'squash_action': True, 'walking': True, 'walk_move': 0.05, 'walk_turn': 3.14159, 'radiusx': 1.0, 'diffusion_min': 1.0, 'diffusion_max': 1.0, 'action_feedback': False, 'flipping': True, 'odor_scaling': True, 'obs_noise': 0.0, 'act_noise': 0.0, 'dynamic': False, 'seed': 8215, 'verbose': 0, '__class__': <class 'plume_env.PlumeEnvironment'>}
Squashing actions to 0-1
constantx5b5
wind: t_val_diff 0.03999999999999915 env_dt 0.04
puffs: t_val_diff 0.03999999999999915 env_dt 0.04
Reward Shaping ['step', 'oob', 'metabolic', 'turn', 'found']
PlumeEnvironment: {'self': <plume_env.PlumeEnvironment object at 0x1034a3220>, 't_val_min': 10.0, 'sim_steps_max': 2050, 'reset_offset_tmax': 30, 'dataset': 'constantx5b5', 'move_capacity': 2.0, 'turn_capacity': 19.634954084936208, 'wind_obsx': 1.0, 'movex': 1.0, 'turnx': 1.0, 'birthx': 3.5, 'birthx_max': 1.0, 'env_dt': 0.04, 'loc_algo': 'uniform', 'qvar': 0.5, 'time_algo': 'uniform', 'angle_algo': 'uniform', 'homed_radius': 0.2, 'stray_max': 2.0, 'wind_rel': True, 'auto_movex': False, 'auto_reward': False, 'diff_max': 0.8, 'diff_min': 0.4, 'r_shaping': ['step', 'oob', 'metabolic', 'turn', 'found'], 'rewardx': 1.0, 'rescale': False, 'squash_action': True, 'walking': True, 'walk_move': 0.05, 'walk_turn': 3.14159, 'radiusx': 1.0, 'diffusion_min': 1.0, 'diffusion_max': 1.0, 'action_feedback': False, 'flipping': True, 'odor_scaling': True, 'obs_noise': 0.0, 'act_noise': 0.0, 'dynamic': False, 'seed': 8215, 'verbose': 0, '__class__': <class 'plume_env.PlumeEnvironment'>}
Squashing actions to 0-1
constantx5b5
wind: t_val_diff 0.03999999999999915 env_dt 0.04
puffs: t_val_diff 0.03999999999999915 env_dt 0.04
Reward Shaping ['step', 'oob', 'metabolic', 'turn', 'found']
